[1] "Args: ../not4release/counts.rda"
[1] "Loading file with raw counts ../not4release/counts.rda"
[1] "Pearson between technical replica 16-12-E2-1_S17 and 16-12-E2-1r_S41 of 50270 lib even2 members 0.99 (log 0.97, spearman 0.95). Counts summaries:"
   Min. 1st Qu.  Median    Mean 3rd Qu.    Max. 
    0.0    25.0    44.0    97.8   104.0  7878.0 
   Min. 1st Qu.  Median    Mean 3rd Qu.    Max. 
   0.00   23.00   40.00   87.83   95.00 7144.00 
[1] "Number of reads for technical replica: 4916153, 4415133"
[1] "Pearson between technical replica 16-12-E2-1b_S21 and 16-12-E2-1br_S45 of 50270 lib even2 members 0.99 (log 0.97, spearman 0.96). Counts summaries:"
   Min. 1st Qu.  Median    Mean 3rd Qu.    Max. 
   0.00   24.00   42.00   92.96  100.00 7153.00 
   Min. 1st Qu.  Median    Mean 3rd Qu.    Max. 
   0.00   25.00   45.00   94.15  103.00 6944.00 
[1] "Number of reads for technical replica: 4673183, 4733043"
[1] "Pearson between technical replica 16-12-E2-2_S18 and 16-12-E2-2r_S42 of 50270 lib even2 members 0.99 (log 0.96, spearman 0.96). Counts summaries:"
   Min. 1st Qu.  Median    Mean 3rd Qu.    Max. 
    0.0    41.0    77.0   122.1   151.0 10280.0 
   Min. 1st Qu.  Median    Mean 3rd Qu.    Max. 
   0.00   30.00   55.00   84.44  104.00 6938.00 
[1] "Number of reads for technical replica: 6138622, 4244850"
[1] "Pearson between technical replica 16-12-E2-2b_S22 and 16-12-E2-2br_S46 of 50270 lib even2 members 0.99 (log 0.96, spearman 0.96). Counts summaries:"
   Min. 1st Qu.  Median    Mean 3rd Qu.    Max. 
   0.00   26.00   48.00   76.56   94.00 6226.00 
   Min. 1st Qu.  Median    Mean 3rd Qu.    Max. 
   0.00   29.00   54.00   84.02  103.00 6566.00 
[1] "Number of reads for technical replica: 3848527, 4223883"
[1] "Pearson between technical replica 16-12-E2-3_S19 and 16-12-E2-3r_S43 of 50270 lib even2 members 0.99 (log 0.96, spearman 0.96). Counts summaries:"
   Min. 1st Qu.  Median    Mean 3rd Qu.    Max. 
    0.0    38.0    67.0   105.5   127.0 10078.0 
   Min. 1st Qu.  Median    Mean 3rd Qu.    Max. 
   0.00   29.00   52.00   79.63   95.00 7235.00 
[1] "Number of reads for technical replica: 5302403, 4003158"
[1] "Pearson between technical replica 16-12-E2-3b_S23 and 16-12-E2-3br_S47 of 50270 lib even2 members 0.99 (log 0.95, spearman 0.95). Counts summaries:"
   Min. 1st Qu.  Median    Mean 3rd Qu.    Max. 
    0.0    27.0    48.0    73.2    88.0  6748.0 
   Min. 1st Qu.  Median    Mean 3rd Qu.    Max. 
   0.00   31.00   55.00   83.46  100.00 7484.00 
[1] "Number of reads for technical replica: 3679907, 4195671"
[1] "Pearson between technical replica 16-12-E2-4_S20 and 16-12-E2-4r_S44 of 50270 lib even2 members 0.99 (log 0.97, spearman 0.96). Counts summaries:"
    Min.  1st Qu.   Median     Mean  3rd Qu.     Max. 
    0.00    26.00    48.00    99.16   122.00 12604.00 
    Min.  1st Qu.   Median     Mean  3rd Qu.     Max. 
    0.00    23.00    42.00    86.51   106.00 10424.00 
[1] "Number of reads for technical replica: 4984962, 4349023"
[1] "Pearson between technical replica 16-12-E2-4b_S24 and 16-12-E2-4br_S48 of 50270 lib even2 members 0.99 (log 0.96, spearman 0.96). Counts summaries:"
    Min.  1st Qu.   Median     Mean  3rd Qu.     Max. 
    0.00    25.00    46.00    93.22   115.00 11530.00 
   Min. 1st Qu.  Median    Mean 3rd Qu.    Max. 
   0.00   24.00   44.00   83.68  102.00 9891.00 
[1] "Number of reads for technical replica: 4686428, 4206675"
[1] "Pearson between technical replica 16-12-I-CT1-1_S49 and 16-12-I-CT1-1r_S57 of 5223 lib ct1 members 0.99 (log 0.97, spearman 0.95). Counts summaries:"
   Min. 1st Qu.  Median    Mean 3rd Qu.    Max. 
    0.0    40.0    63.0   124.9   137.0  4219.0 
   Min. 1st Qu.  Median    Mean 3rd Qu.    Max. 
    0.0    42.0    67.0   136.7   150.0  4625.0 
[1] "Number of reads for technical replica: 652541, 714021"
[1] "Pearson between technical replica 16-12-I-CT1-1b_S53 and 16-12-I-CT1-1br_S61 of 5223 lib ct1 members 0.99 (log 0.98, spearman 0.96). Counts summaries:"
   Min. 1st Qu.  Median    Mean 3rd Qu.    Max. 
    0.0    45.0    72.0   156.4   178.0  5651.0 
   Min. 1st Qu.  Median    Mean 3rd Qu.    Max. 
    0.0    39.0    64.0   133.9   151.0  4826.0 
[1] "Number of reads for technical replica: 816953, 699375"
[1] "Pearson between technical replica 16-12-I-CT1-2_S50 and 16-12-I-CT1-2r_S58 of 5223 lib ct1 members 0.99 (log 0.97, spearman 0.97). Counts summaries:"
   Min. 1st Qu.  Median    Mean 3rd Qu.    Max. 
    0.0    43.0    79.0   119.8   151.0  3513.0 
   Min. 1st Qu.  Median    Mean 3rd Qu.    Max. 
    0.0    62.0   105.0   153.9   194.0  4175.0 
[1] "Number of reads for technical replica: 625458, 804078"
[1] "Pearson between technical replica 16-12-I-CT1-2b_S54 and 16-12-I-CT1-2br_S62 of 5223 lib ct1 members 0.98 (log 0.96, spearman 0.96). Counts summaries:"
   Min. 1st Qu.  Median    Mean 3rd Qu.    Max. 
    0.0    51.0    91.0   143.3   183.0  4186.0 
   Min. 1st Qu.  Median    Mean 3rd Qu.    Max. 
   0.00   28.00   51.00   79.22   99.00 2301.00 
[1] "Number of reads for technical replica: 748258, 413746"
[1] "Pearson between technical replica 16-12-I-CT1-3_S51 and 16-12-I-CT1-3r_S59 of 5223 lib ct1 members 0.98 (log 0.95, spearman 0.94). Counts summaries:"
   Min. 1st Qu.  Median    Mean 3rd Qu.    Max. 
    0.0    49.0    79.0   116.6   143.0  2342.0 
   Min. 1st Qu.  Median    Mean 3rd Qu.    Max. 
    0.0    43.0    71.0   103.3   129.0  2101.0 
[1] "Number of reads for technical replica: 609176, 539279"
[1] "Pearson between technical replica 16-12-I-CT1-3b_S55 and 16-12-I-CT1-3br_S63 of 5223 lib ct1 members 0.98 (log 0.97, spearman 0.96). Counts summaries:"
   Min. 1st Qu.  Median    Mean 3rd Qu.    Max. 
    0.0    66.0   108.0   156.9   192.0  3295.0 
   Min. 1st Qu.  Median    Mean 3rd Qu.    Max. 
    0.0    50.0    83.0   118.7   145.0  2515.0 
[1] "Number of reads for technical replica: 819247, 620126"
[1] "Pearson between technical replica 16-12-I-CT1-4_S52 and 16-12-I-CT1-4r_S60 of 5223 lib ct1 members 0.99 (log 0.98, spearman 0.97). Counts summaries:"
   Min. 1st Qu.  Median    Mean 3rd Qu.    Max. 
    0.0    52.0    88.0   165.5   211.5  8842.0 
   Min. 1st Qu.  Median    Mean 3rd Qu.    Max. 
    0.0    44.0    72.0   130.3   163.0  6605.0 
[1] "Number of reads for technical replica: 864331, 680696"
[1] "Pearson between technical replica 16-12-I-CT1-4b_S56 and 16-12-I-CT1-4br_S64 of 5223 lib ct1 members 0.99 (log 0.97, spearman 0.97). Counts summaries:"
   Min. 1st Qu.  Median    Mean 3rd Qu.    Max. 
    0.0    51.0    84.0   162.9   208.0  9205.0 
   Min. 1st Qu.  Median    Mean 3rd Qu.    Max. 
    0.0    36.0    60.0   121.7   158.0  6731.0 
[1] "Number of reads for technical replica: 850742, 635529"
[1] "Pearson between technical replica 16-12-II-CT1-1_S49 and 16-12-II-CT1-1r_S57 of 5223 lib ct1 members 0.96 (log 0.97, spearman 0.95). Counts summaries:"
   Min. 1st Qu.  Median    Mean 3rd Qu.    Max. 
    0.0    33.0    54.0   107.2   115.0  3471.0 
   Min. 1st Qu.  Median    Mean 3rd Qu.    Max. 
    0.0    33.0    52.0   102.1   111.0  3431.0 
[1] "Number of reads for technical replica: 559700, 533326"
[1] "Pearson between technical replica 16-12-II-CT1-1b_S53 and 16-12-II-CT1-1br_S61 of 5223 lib ct1 members 0.99 (log 0.97, spearman 0.95). Counts summaries:"
   Min. 1st Qu.  Median    Mean 3rd Qu.    Max. 
    0.0    29.0    47.0   101.7   109.0  3411.0 
   Min. 1st Qu.  Median    Mean 3rd Qu.    Max. 
    0.0    38.0    63.0   138.8   148.0  4801.0 
[1] "Number of reads for technical replica: 531260, 725055"
[1] "Pearson between technical replica 16-12-II-CT1-2_S50 and 16-12-II-CT1-2r_S58 of 5223 lib ct1 members 0.99 (log 0.96, spearman 0.96). Counts summaries:"
   Min. 1st Qu.  Median    Mean 3rd Qu.    Max. 
    0.0    44.0    75.0   112.5   140.0  3022.0 
   Min. 1st Qu.  Median    Mean 3rd Qu.    Max. 
    0.0    39.0    67.0   100.6   123.0  2783.0 
[1] "Number of reads for technical replica: 587751, 525192"
[1] "Pearson between technical replica 16-12-II-CT1-2b_S54 and 16-12-II-CT1-2br_S62 of 5223 lib ct1 members 0.99 (log 0.96, spearman 0.96). Counts summaries:"
   Min. 1st Qu.  Median    Mean 3rd Qu.    Max. 
    0.0    40.0    69.0   105.7   132.0  2986.0 
   Min. 1st Qu.  Median    Mean 3rd Qu.    Max. 
   0.00   31.00   55.00   84.66  106.00 2500.00 
[1] "Number of reads for technical replica: 551979, 442180"
[1] "Pearson between technical replica 16-12-II-CT1-3_S51 and 16-12-II-CT1-3r_S59 of 5223 lib ct1 members 0.98 (log 0.95, spearman 0.94). Counts summaries:"
   Min. 1st Qu.  Median    Mean 3rd Qu.    Max. 
    0.0    46.0    76.0   107.9   128.0  2223.0 
   Min. 1st Qu.  Median    Mean 3rd Qu.    Max. 
      0      43      73     106     127    2227 
[1] "Number of reads for technical replica: 563546, 553570"
[1] "Pearson between technical replica 16-12-II-CT1-3b_S55 and 16-12-II-CT1-3br_S63 of 5223 lib ct1 members 0.99 (log 0.97, spearman 0.96). Counts summaries:"
   Min. 1st Qu.  Median    Mean 3rd Qu.    Max. 
    0.0    54.0    88.0   127.2   153.5  2770.0 
   Min. 1st Qu.  Median    Mean 3rd Qu.    Max. 
    0.0    44.0    73.0   107.3   130.0  2245.0 
[1] "Number of reads for technical replica: 664125, 560662"
[1] "Pearson between technical replica 16-12-II-CT1-4_S52 and 16-12-II-CT1-4r_S60 of 5223 lib ct1 members 0.99 (log 0.97, spearman 0.96). Counts summaries:"
   Min. 1st Qu.  Median    Mean 3rd Qu.    Max. 
    0.0    39.0    66.0   126.3   162.0  6447.0 
   Min. 1st Qu.  Median    Mean 3rd Qu.    Max. 
    0.0    40.0    68.0   128.5   162.5  6884.0 
[1] "Number of reads for technical replica: 659916, 671247"
[1] "Pearson between technical replica 16-12-II-CT1-4b_S56 and 16-12-II-CT1-4br_S64 of 5223 lib ct1 members 0.99 (log 0.97, spearman 0.96). Counts summaries:"
   Min. 1st Qu.  Median    Mean 3rd Qu.    Max. 
    0.0    32.0    54.0   109.7   142.5  5726.0 
   Min. 1st Qu.  Median    Mean 3rd Qu.    Max. 
    0.0    27.0    47.0    96.6   122.0  5390.0 
[1] "Number of reads for technical replica: 573001, 504532"
[1] "Pearson between technical replica 16-12-III-CT1-1_S49 and 16-12-III-CT1-1r_S57 of 5223 lib ct1 members 0.99 (log 0.97, spearman 0.95). Counts summaries:"
   Min. 1st Qu.  Median    Mean 3rd Qu.    Max. 
   0.00   21.00   36.00   79.18   85.00 2721.00 
   Min. 1st Qu.  Median    Mean 3rd Qu.    Max. 
    0.0    27.0    46.0   108.5   115.5  3920.0 
[1] "Number of reads for technical replica: 413541, 566713"
[1] "Pearson between technical replica 16-12-III-CT1-1b_S53 and 16-12-III-CT1-1br_S61 of 5223 lib ct1 members 0.99 (log 0.97, spearman 0.95). Counts summaries:"
   Min. 1st Qu.  Median    Mean 3rd Qu.    Max. 
   0.00   24.00   42.00   98.36  104.00 3656.00 
   Min. 1st Qu.  Median    Mean 3rd Qu.    Max. 
   0.00   21.00   37.00   84.64   91.00 2950.00 
[1] "Number of reads for technical replica: 513718, 442078"
[1] "Pearson between technical replica 16-12-III-CT1-2_S50 and 16-12-III-CT1-2r_S58 of 5223 lib ct1 members 0.79 (log 0.63, spearman 0.61). Counts summaries:"
   Min. 1st Qu.  Median    Mean 3rd Qu.    Max. 
    0.0     0.0     1.0     1.2     2.0    37.0 
   Min. 1st Qu.  Median    Mean 3rd Qu.    Max. 
    0.0    56.0   104.0   173.5   213.0  5220.0 
[1] "Number of reads for technical replica: 6267, 906293"
[1] "Pearson between technical replica 16-12-III-CT1-2b_S54 and 16-12-III-CT1-2br_S62 of 5223 lib ct1 members 0.99 (log 0.96, spearman 0.96). Counts summaries:"
   Min. 1st Qu.  Median    Mean 3rd Qu.    Max. 
   0.00   25.00   47.00   79.22   98.00 2396.00 
   Min. 1st Qu.  Median    Mean 3rd Qu.    Max. 
   0.00   28.00   53.00   88.77  109.00 2681.00 
[1] "Number of reads for technical replica: 413775, 463655"
[1] "Pearson between technical replica 16-12-III-CT1-3_S51 and 16-12-III-CT1-3r_S59 of 5223 lib ct1 members 0.98 (log 0.95, spearman 0.95). Counts summaries:"
   Min. 1st Qu.  Median    Mean 3rd Qu.    Max. 
   0.00   34.00   58.00   88.48  107.00 1874.00 
   Min. 1st Qu.  Median    Mean 3rd Qu.    Max. 
    0.0    27.0    46.0    73.1    88.0  1670.0 
[1] "Number of reads for technical replica: 462110, 381808"
[1] "Pearson between technical replica 16-12-III-CT1-3b_S55 and 16-12-III-CT1-3br_S63 of 5223 lib ct1 members 0.98 (log 0.96, spearman 0.96). Counts summaries:"
   Min. 1st Qu.  Median    Mean 3rd Qu.    Max. 
   0.00   31.00   54.00   87.03  106.00 2243.00 
   Min. 1st Qu.  Median    Mean 3rd Qu.    Max. 
   0.00   30.00   52.00   83.16  103.00 1990.00 
[1] "Number of reads for technical replica: 454566, 434369"
[1] "Pearson between technical replica 16-12-III-CT1-4_S52 and 16-12-III-CT1-4r_S60 of 5223 lib ct1 members 0.99 (log 0.96, spearman 0.96). Counts summaries:"
   Min. 1st Qu.  Median    Mean 3rd Qu.    Max. 
   0.00   23.00   41.00   81.38  103.00 4438.00 
   Min. 1st Qu.  Median    Mean 3rd Qu.    Max. 
   0.00   23.00   43.00   83.78  105.00 4899.00 
[1] "Number of reads for technical replica: 425054, 437580"
[1] "Pearson between technical replica 16-12-III-CT1-4b_S56 and 16-12-III-CT1-4br_S64 of 5223 lib ct1 members 0.99 (log 0.97, spearman 0.95). Counts summaries:"
   Min. 1st Qu.  Median    Mean 3rd Qu.    Max. 
      0      27      48     103     134    6119 
   Min. 1st Qu.  Median    Mean 3rd Qu.    Max. 
   0.00   21.00   36.00   77.03   99.00 4468.00 
[1] "Number of reads for technical replica: 537950, 402325"
[1] "Pearson between technical replica 16-5-O3-1_S9 and 16-5-O3-1r_S33 of 56582 lib odd3 members 0.98 (log 0.96, spearman 0.91). Counts summaries:"
   Min. 1st Qu.  Median    Mean 3rd Qu.    Max. 
   0.00   16.00   25.00   84.52   78.00 2194.00 
   Min. 1st Qu.  Median    Mean 3rd Qu.    Max. 
    0.0    19.0    31.0    98.9    91.0  2647.0 
[1] "Number of reads for technical replica: 4782432, 5596091"
[1] "Pearson between technical replica 16-5-O3-1b_S13 and 16-5-O3-1br_S37 of 56582 lib odd3 members 0.98 (log 0.95, spearman 0.91). Counts summaries:"
   Min. 1st Qu.  Median    Mean 3rd Qu.    Max. 
   0.00   19.00   31.00   80.76   77.00 2070.00 
   Min. 1st Qu.  Median    Mean 3rd Qu.    Max. 
   0.00   21.00   34.00   87.55   82.00 2238.00 
[1] "Number of reads for technical replica: 4569568, 4953922"
[1] "Pearson between technical replica 16-5-O3-2_S10 and 16-5-O3-2r_S34 of 56582 lib odd3 members 0.98 (log 0.95, spearman 0.94). Counts summaries:"
   Min. 1st Qu.  Median    Mean 3rd Qu.    Max. 
   0.00   19.00   35.00   80.68  100.00 1435.00 
   Min. 1st Qu.  Median    Mean 3rd Qu.    Max. 
   0.00   24.00   43.00   97.73  121.00 1724.00 
[1] "Number of reads for technical replica: 4565028, 5529651"
[1] "Pearson between technical replica 16-5-O3-2b_S14 and 16-5-O3-2br_S38 of 56582 lib odd3 members 0.97 (log 0.95, spearman 0.93). Counts summaries:"
   Min. 1st Qu.  Median    Mean 3rd Qu.    Max. 
   0.00   19.00   35.00   78.74   99.00 1593.00 
   Min. 1st Qu.  Median    Mean 3rd Qu.    Max. 
    0.0    26.0    47.0   105.8   133.0  2238.0 
[1] "Number of reads for technical replica: 4455505, 5985296"
[1] "Pearson between technical replica 16-5-O3-3_S11 and 16-5-O3-3r_S35 of 56582 lib odd3 members 0.98 (log 0.95, spearman 0.93). Counts summaries:"
   Min. 1st Qu.  Median    Mean 3rd Qu.    Max. 
   0.00   23.00   40.00   92.71  118.00 1700.00 
   Min. 1st Qu.  Median    Mean 3rd Qu.    Max. 
   0.00   25.00   44.00   97.44  123.00 1961.00 
[1] "Number of reads for technical replica: 5245770, 5513228"
[1] "Pearson between technical replica 16-5-O3-3b_S15 and 16-5-O3-3br_S39 of 56582 lib odd3 members 0.97 (log 0.95, spearman 0.93). Counts summaries:"
   Min. 1st Qu.  Median    Mean 3rd Qu.    Max. 
   0.00   22.00   38.00   78.59   97.00 1616.00 
   Min. 1st Qu.  Median    Mean 3rd Qu.    Max. 
   0.00   24.00   42.00   86.74  106.00 1585.00 
[1] "Number of reads for technical replica: 4446757, 4908117"
[1] "Pearson between technical replica 16-5-O3-4_S12 and 16-5-O3-4r_S36 of 56582 lib odd3 members 0.98 (log 0.96, spearman 0.92). Counts summaries:"
   Min. 1st Qu.  Median    Mean 3rd Qu.    Max. 
   0.00   18.00   29.00   90.98  120.00 1324.00 
   Min. 1st Qu.  Median    Mean 3rd Qu.    Max. 
   0.00   18.00   31.00   87.75  114.00 1226.00 
[1] "Number of reads for technical replica: 5147756, 4964948"
[1] "Pearson between technical replica 16-5-O3-4b_S16 and 16-5-O3-4br_S40 of 56582 lib odd3 members 0.98 (log 0.96, spearman 0.93). Counts summaries:"
   Min. 1st Qu.  Median    Mean 3rd Qu.    Max. 
   0.00   17.00   29.00   80.97  106.00 1070.00 
   Min. 1st Qu.  Median    Mean 3rd Qu.    Max. 
    0.0    46.0    74.0   220.3   292.0  3133.0 
[1] "Number of reads for technical replica: 4581607, 12462792"
[1] "Pearson between technical replica 18-5-O3-1_S1 and 18-5-O3-1r_S25 of 56582 lib odd3 members 0.98 (log 0.96, spearman 0.92). Counts summaries:"
   Min. 1st Qu.  Median    Mean 3rd Qu.    Max. 
   0.00   17.00   28.00   82.32   82.00 2134.00 
   Min. 1st Qu.  Median    Mean 3rd Qu.    Max. 
   0.00   20.00   34.00   98.16   98.00 2627.00 
[1] "Number of reads for technical replica: 4657905, 5553851"
[1] "Pearson between technical replica 18-5-O3-1b_S5 and 18-5-O3-1br_S29 of 56582 lib odd3 members 0.99 (log 0.96, spearman 0.91). Counts summaries:"
   Min. 1st Qu.  Median    Mean 3rd Qu.    Max. 
    0.0    14.0    24.0    80.8    81.0  2184.0 
   Min. 1st Qu.  Median    Mean 3rd Qu.    Max. 
   0.00   18.00   31.00   97.09   99.00 2598.00 
[1] "Number of reads for technical replica: 4571642, 5493572"
[1] "Pearson between technical replica 18-5-O3-2_S2 and 18-5-O3-2r_S26 of 56582 lib odd3 members 0.98 (log 0.95, spearman 0.93). Counts summaries:"
   Min. 1st Qu.  Median    Mean 3rd Qu.    Max. 
   0.00   16.00   29.00   75.21   95.00 1497.00 
   Min. 1st Qu.  Median    Mean 3rd Qu.    Max. 
    0.0    29.0    52.0   123.6   154.0  2482.0 
[1] "Number of reads for technical replica: 4255586, 6991040"
[1] "Pearson between technical replica 18-5-O3-2b_S6 and 18-5-O3-2br_S30 of 56582 lib odd3 members 0.98 (log 0.95, spearman 0.94). Counts summaries:"
   Min. 1st Qu.  Median    Mean 3rd Qu.    Max. 
   0.00   20.00   39.00   94.71  120.00 1607.00 
   Min. 1st Qu.  Median    Mean 3rd Qu.    Max. 
   0.00   21.00   41.00   93.55  118.00 1640.00 
[1] "Number of reads for technical replica: 5359058, 5293424"
[1] "Pearson between technical replica 18-5-O3-3_S3 and 18-5-O3-3r_S27 of 56582 lib odd3 members 0.98 (log 0.95, spearman 0.93). Counts summaries:"
   Min. 1st Qu.  Median    Mean 3rd Qu.    Max. 
   0.00   20.00   35.00   82.16  105.00 1814.00 
   Min. 1st Qu.  Median    Mean 3rd Qu.    Max. 
    0.0    24.0    43.0    98.1   124.0  1900.0 
[1] "Number of reads for technical replica: 4649048, 5550788"
[1] "Pearson between technical replica 18-5-O3-3b_S7 and 18-5-O3-3br_S31 of 56582 lib odd3 members 0.98 (log 0.95, spearman 0.93). Counts summaries:"
   Min. 1st Qu.  Median    Mean 3rd Qu.    Max. 
   0.00   21.00   38.00   86.47  112.00 1566.00 
   Min. 1st Qu.  Median    Mean 3rd Qu.    Max. 
   0.00   25.00   44.00   92.02  117.00 1777.00 
[1] "Number of reads for technical replica: 4892511, 5206769"
[1] "Pearson between technical replica 18-5-O3-4_S4 and 18-5-O3-4r_S28 of 56582 lib odd3 members 0.98 (log 0.96, spearman 0.93). Counts summaries:"
   Min. 1st Qu.  Median    Mean 3rd Qu.    Max. 
   0.00   17.00   29.00   81.65  114.00 1085.00 
   Min. 1st Qu.  Median    Mean 3rd Qu.    Max. 
    0.0    22.0    37.0   102.1   142.0  1405.0 
[1] "Number of reads for technical replica: 4619809, 5775183"
[1] "Pearson between technical replica 18-5-O3-4b_S8 and 18-5-O3-4br_S32 of 56582 lib odd3 members 0.98 (log 0.96, spearman 0.92). Counts summaries:"
   Min. 1st Qu.  Median    Mean 3rd Qu.    Max. 
   0.00   17.00   28.00   93.45  137.00 1186.00 
   Min. 1st Qu.  Median    Mean 3rd Qu.    Max. 
    0.0    21.0    36.0   113.2   162.0  1481.0 
[1] "Number of reads for technical replica: 5287668, 6403656"
[1] "Pearson between technical replica 26-10-E1-1_S9 and 26-10-E1-1r_S33 of 55184 lib even1 members 0.98 (log 0.95, spearman 0.93). Counts summaries:"
   Min. 1st Qu.  Median    Mean 3rd Qu.    Max. 
   0.00    9.00   22.00   83.02   85.00 2923.00 
   Min. 1st Qu.  Median    Mean 3rd Qu.    Max. 
    0.0    10.0    23.0    94.2    95.0  3356.0 
[1] "Number of reads for technical replica: 4581369, 5198070"
[1] "Pearson between technical replica 26-10-E1-1b_S13 and 26-10-E1-1br_S37 of 55184 lib even1 members 0.98 (log 0.94, spearman 0.93). Counts summaries:"
   Min. 1st Qu.  Median    Mean 3rd Qu.    Max. 
   0.00    9.00   22.00   78.16   86.00 2707.00 
   Min. 1st Qu.  Median    Mean 3rd Qu.    Max. 
   0.00    8.00   20.00   74.29   82.00 2515.00 
[1] "Number of reads for technical replica: 4313421, 4099602"
[1] "Pearson between technical replica 26-10-E1-2_S10 and 26-10-E1-2r_S34 of 55184 lib even1 members 0.97 (log 0.94, spearman 0.95). Counts summaries:"
   Min. 1st Qu.  Median    Mean 3rd Qu.    Max. 
   0.00   15.00   38.00   65.01   92.00  845.00 
   Min. 1st Qu.  Median    Mean 3rd Qu.    Max. 
   0.00   15.00   40.00   69.14   98.00 1006.00 
[1] "Number of reads for technical replica: 3587562, 3815340"
[1] "Pearson between technical replica 26-10-E1-2b_S14 and 26-10-E1-2br_S38 of 55184 lib even1 members 0.96 (log 0.94, spearman 0.95). Counts summaries:"
   Min. 1st Qu.  Median    Mean 3rd Qu.    Max. 
   0.00   20.00   48.00   73.62  103.00  969.00 
   Min. 1st Qu.  Median    Mean 3rd Qu.    Max. 
   0.00   20.00   47.00   72.22  101.00  941.00 
[1] "Number of reads for technical replica: 4062541, 3985223"
[1] "Pearson between technical replica 26-10-E1-3_S11 and 26-10-E1-3r_S35 of 55184 lib even1 members 0.96 (log 0.94, spearman 0.95). Counts summaries:"
   Min. 1st Qu.  Median    Mean 3rd Qu.    Max. 
   0.00   23.00   51.00   80.88  112.00 1066.00 
   Min. 1st Qu.  Median    Mean 3rd Qu.    Max. 
   0.00   18.00   41.00   65.39   90.00  768.00 
[1] "Number of reads for technical replica: 4463375, 3608215"
[1] "Pearson between technical replica 26-10-E1-3b_S15 and 26-10-E1-3br_S39 of 55184 lib even1 members 0.95 (log 0.93, spearman 0.94). Counts summaries:"
   Min. 1st Qu.  Median    Mean 3rd Qu.    Max. 
   0.00   25.00   49.00   68.95   95.00  692.00 
   Min. 1st Qu.  Median    Mean 3rd Qu.    Max. 
   0.00   28.00   56.00   78.64  108.00  900.00 
[1] "Number of reads for technical replica: 3805183, 4339444"
[1] "Pearson between technical replica 26-10-E1-4_S12 and 26-10-E1-4r_S36 of 55184 lib even1 members 0.98 (log 0.95, spearman 0.93). Counts summaries:"
   Min. 1st Qu.  Median    Mean 3rd Qu.    Max. 
   0.00    8.00   20.00   80.23  111.00 1506.00 
   Min. 1st Qu.  Median    Mean 3rd Qu.    Max. 
   0.00    7.00   18.00   70.71   93.00 1318.00 
[1] "Number of reads for technical replica: 4427432, 3902155"
[1] "Pearson between technical replica 26-10-E1-4b_S16 and 26-10-E1-4br_S40 of 55184 lib even1 members 0.98 (log 0.95, spearman 0.94). Counts summaries:"
   Min. 1st Qu.  Median    Mean 3rd Qu.    Max. 
   0.00   12.00   28.00   89.35  120.00 1384.00 
   Min. 1st Qu.  Median    Mean 3rd Qu.    Max. 
    0.0     9.0    20.0    67.1    90.0  1162.0 
[1] "Number of reads for technical replica: 4930949, 3702857"
[1] "Pearson between technical replica 26-10-O3-1_S1 and 26-10-O3-1r_S25 of 56582 lib odd3 members 0.97 (log 0.94, spearman 0.92). Counts summaries:"
   Min. 1st Qu.  Median    Mean 3rd Qu.    Max. 
   0.00    6.00   14.00   58.67   70.00 1593.00 
   Min. 1st Qu.  Median    Mean 3rd Qu.    Max. 
    0.0    11.0    26.0   103.4   117.0  2828.0 
[1] "Number of reads for technical replica: 3319867, 5852386"
[1] "Pearson between technical replica 26-10-O3-1b_S5 and 26-10-O3-1br_S29 of 56582 lib odd3 members 0.98 (log 0.94, spearman 0.91). Counts summaries:"
   Min. 1st Qu.  Median    Mean 3rd Qu.    Max. 
   0.00    7.00   15.00   69.73   77.00 1923.00 
   Min. 1st Qu.  Median    Mean 3rd Qu.    Max. 
   0.00    8.00   17.00   75.75   84.00 2418.00 
[1] "Number of reads for technical replica: 3945741, 4286262"
[1] "Pearson between technical replica 26-10-O3-2_S2 and 26-10-O3-2r_S26 of 56582 lib odd3 members 0.96 (log 0.94, spearman 0.95). Counts summaries:"
   Min. 1st Qu.  Median    Mean 3rd Qu.    Max. 
   0.00   13.00   42.00   71.35  105.00 1407.00 
   Min. 1st Qu.  Median    Mean 3rd Qu.    Max. 
   0.00   16.00   53.00   90.25  132.00 1655.00 
[1] "Number of reads for technical replica: 4037080, 5106743"
[1] "Pearson between technical replica 26-10-O3-2b_S6 and 26-10-O3-2br_S30 of 56582 lib odd3 members 0.97 (log 0.94, spearman 0.96). Counts summaries:"
   Min. 1st Qu.  Median    Mean 3rd Qu.    Max. 
   0.00    5.00   32.00   69.53  101.00 1208.00 
   Min. 1st Qu.  Median    Mean 3rd Qu.    Max. 
   0.00    6.00   37.00   78.59  114.00 1470.00 
[1] "Number of reads for technical replica: 3934282, 4446665"
[1] "Pearson between technical replica 26-10-O3-3_S3 and 26-10-O3-3r_S27 of 56582 lib odd3 members 0.95 (log 0.93, spearman 0.94). Counts summaries:"
   Min. 1st Qu.  Median    Mean 3rd Qu.    Max. 
    0.0    20.0    48.0    72.8   102.0  1295.0 
   Min. 1st Qu.  Median    Mean 3rd Qu.    Max. 
   0.00   24.00   56.00   85.55  120.00 1390.00 
[1] "Number of reads for technical replica: 4118891, 4840631"
[1] "Pearson between technical replica 26-10-O3-3b_S7 and 26-10-O3-3br_S31 of 56582 lib odd3 members 0.96 (log 0.94, spearman 0.95). Counts summaries:"
   Min. 1st Qu.  Median    Mean 3rd Qu.    Max. 
   0.00   15.00   40.00   66.82   94.00 1108.00 
   Min. 1st Qu.  Median    Mean 3rd Qu.    Max. 
   0.00   17.00   46.00   76.26  107.00 1250.00 
[1] "Number of reads for technical replica: 3781065, 4315078"
[1] "Pearson between technical replica 26-10-O3-4_S4 and 26-10-O3-4r_S28 of 56582 lib odd3 members 0.98 (log 0.94, spearman 0.92). Counts summaries:"
   Min. 1st Qu.  Median    Mean 3rd Qu.    Max. 
   0.00    5.00   16.00   69.45  100.00 1138.00 
   Min. 1st Qu.  Median    Mean 3rd Qu.    Max. 
   0.00    6.00   16.00   68.91   99.00 1064.00 
[1] "Number of reads for technical replica: 3929508, 3898993"
[1] "Pearson between technical replica 26-10-O3-4b_S8 and 26-10-O3-4br_S32 of 56582 lib odd3 members 0.98 (log 0.94, spearman 0.93). Counts summaries:"
   Min. 1st Qu.  Median    Mean 3rd Qu.    Max. 
   0.00    5.00   14.00   63.97   94.00  975.00 
   Min. 1st Qu.  Median    Mean 3rd Qu.    Max. 
   0.00    7.00   18.00   83.87  123.00 1154.00 
[1] "Number of reads for technical replica: 3619577, 4745589"
[1] "Pearson between technical replica 27-10-E1-1_S17 and 27-10-E1-1r_S41 of 55184 lib even1 members 0.98 (log 0.94, spearman 0.91). Counts summaries:"
   Min. 1st Qu.  Median    Mean 3rd Qu.    Max. 
   0.00    6.00   14.00   76.49   83.00 2944.00 
   Min. 1st Qu.  Median    Mean 3rd Qu.    Max. 
    0.0     6.0    14.0    77.1    83.0  2847.0 
[1] "Number of reads for technical replica: 4221141, 4254499"
[1] "Pearson between technical replica 27-10-E1-1b_S21 and 27-10-E1-1br_S45 of 55184 lib even1 members 0.98 (log 0.94, spearman 0.93). Counts summaries:"
   Min. 1st Qu.  Median    Mean 3rd Qu.    Max. 
   0.00    5.00   15.00   76.22   87.00 3275.00 
   Min. 1st Qu.  Median    Mean 3rd Qu.    Max. 
   0.00    4.00   14.00   76.79   89.00 3608.00 
[1] "Number of reads for technical replica: 4205982, 4237528"
[1] "Pearson between technical replica 27-10-E1-2_S18 and 27-10-E1-2r_S42 of 55184 lib even1 members 0.97 (log 0.94, spearman 0.95). Counts summaries:"
   Min. 1st Qu.  Median    Mean 3rd Qu.    Max. 
   0.00   11.00   36.00   80.39  108.00 1173.00 
   Min. 1st Qu.  Median    Mean 3rd Qu.    Max. 
   0.00   13.00   41.00   89.59  120.00 1347.00 
[1] "Number of reads for technical replica: 4435987, 4943825"
[1] "Pearson between technical replica 27-10-E1-2b_S22 and 27-10-E1-2br_S46 of 55184 lib even1 members 0.97 (log 0.94, spearman 0.96). Counts summaries:"
   Min. 1st Qu.  Median    Mean 3rd Qu.    Max. 
   0.00   15.00   46.00   84.94  115.00 1154.00 
   Min. 1st Qu.  Median    Mean 3rd Qu.    Max. 
   0.00   13.00   40.00   74.88  102.00 1164.00 
[1] "Number of reads for technical replica: 4687550, 4132337"
[1] "Pearson between technical replica 27-10-E1-3_S19 and 27-10-E1-3r_S43 of 55184 lib even1 members 0.97 (log 0.93, spearman 0.95). Counts summaries:"
   Min. 1st Qu.  Median    Mean 3rd Qu.    Max. 
   0.00   20.00   45.00   76.18  103.00 1185.00 
   Min. 1st Qu.  Median    Mean 3rd Qu.    Max. 
   0.00   19.00   45.00   77.05  104.00 1247.00 
[1] "Number of reads for technical replica: 4204100, 4251847"
[1] "Pearson between technical replica 27-10-E1-3b_S23 and 27-10-E1-3br_S47 of 55184 lib even1 members 0.96 (log 0.93, spearman 0.94). Counts summaries:"
   Min. 1st Qu.  Median    Mean 3rd Qu.    Max. 
    0.0    34.0    76.0   117.4   158.0  1661.0 
   Min. 1st Qu.  Median    Mean 3rd Qu.    Max. 
   0.00   24.00   54.00   82.81  111.00 1208.00 
[1] "Number of reads for technical replica: 6480824, 4569527"
[1] "Pearson between technical replica 27-10-E1-4_S20 and 27-10-E1-4r_S44 of 55184 lib even1 members 0.98 (log 0.94, spearman 0.92). Counts summaries:"
   Min. 1st Qu.  Median    Mean 3rd Qu.    Max. 
   0.00    5.00   15.00   65.95   91.00 1083.00 
   Min. 1st Qu.  Median    Mean 3rd Qu.    Max. 
   0.00    6.00   16.00   77.67  110.00 1213.00 
[1] "Number of reads for technical replica: 3639605, 4286128"
[1] "Pearson between technical replica 27-10-E1-4b_S24 and 27-10-E1-4br_S48 of 55184 lib even1 members 0.98 (log 0.94, spearman 0.93). Counts summaries:"
   Min. 1st Qu.  Median    Mean 3rd Qu.    Max. 
   0.00    5.00   14.00   52.73   74.00  941.00 
   Min. 1st Qu.  Median    Mean 3rd Qu.    Max. 
   0.00    7.00   21.00   77.43  107.00 1329.00 
[1] "Number of reads for technical replica: 2909870, 4272696"
[1] "Pearson between technical replica 27-10-O4-1_S1 and 27-10-O4-1r_S25 of 51511 lib odd4 members 0.99 (log 0.95, spearman 0.93). Counts summaries:"
    Min.  1st Qu.   Median     Mean  3rd Qu.     Max. 
    0.00     7.00    17.00    83.32    91.00 10523.00 
    Min.  1st Qu.   Median     Mean  3rd Qu.     Max. 
    0.00     7.00    19.00    89.22    99.00 11065.00 
[1] "Number of reads for technical replica: 4291706, 4595652"
[1] "Pearson between technical replica 27-10-O4-1b_S5 and 27-10-O4-1br_S29 of 51511 lib odd4 members 0.99 (log 0.95, spearman 0.90). Counts summaries:"
    Min.  1st Qu.   Median     Mean  3rd Qu.     Max. 
    0.00     3.00     8.00    91.04    84.00 13084.00 
    Min.  1st Qu.   Median     Mean  3rd Qu.     Max. 
    0.00     4.00    10.00    96.53    91.00 14000.00 
[1] "Number of reads for technical replica: 4689709, 4972144"
[1] "Pearson between technical replica 27-10-O4-2_S2 and 27-10-O4-2r_S26 of 51511 lib odd4 members 0.98 (log 0.94, spearman 0.95). Counts summaries:"
   Min. 1st Qu.  Median    Mean 3rd Qu.    Max. 
    0.0     9.0    27.0    52.5    66.0  6067.0 
    Min.  1st Qu.   Median     Mean  3rd Qu.     Max. 
    0.00    16.00    47.00    89.49   114.00 10139.00 
[1] "Number of reads for technical replica: 2704500, 4609547"
[1] "Pearson between technical replica 27-10-O4-2b_S6 and 27-10-O4-2br_S30 of 51511 lib odd4 members 0.99 (log 0.95, spearman 0.96). Counts summaries:"
    Min.  1st Qu.   Median     Mean  3rd Qu.     Max. 
    0.00     6.00    33.00    90.96   117.00 11275.00 
   Min. 1st Qu.  Median    Mean 3rd Qu.    Max. 
    0.0     9.0    41.0   109.1   141.0 13362.0 
[1] "Number of reads for technical replica: 4685616, 5622098"
[1] "Pearson between technical replica 27-10-O4-3_S3 and 27-10-O4-3r_S27 of 51511 lib odd4 members 0.99 (log 0.94, spearman 0.95). Counts summaries:"
   Min. 1st Qu.  Median    Mean 3rd Qu.    Max. 
   0.00   17.00   41.00   72.28   90.00 7636.00 
   Min. 1st Qu.  Median    Mean 3rd Qu.    Max. 
    0.0    28.0    63.0   111.8   139.0 11351.0 
[1] "Number of reads for technical replica: 3723464, 5761479"
[1] "Pearson between technical replica 27-10-O4-3b_S7 and 27-10-O4-3br_S31 of 51511 lib odd4 members 0.99 (log 0.95, spearman 0.96). Counts summaries:"
   Min. 1st Qu.  Median    Mean 3rd Qu.    Max. 
   0.00    8.00   32.00   81.55  104.00 9614.00 
   Min. 1st Qu.  Median    Mean 3rd Qu.    Max. 
    0.0    11.0    42.0   105.5   134.0 13272.0 
[1] "Number of reads for technical replica: 4200744, 5431968"
[1] "Pearson between technical replica 27-10-O4-4_S4 and 27-10-O4-4r_S28 of 51511 lib odd4 members 0.99 (log 0.95, spearman 0.94). Counts summaries:"
   Min. 1st Qu.  Median    Mean 3rd Qu.    Max. 
   0.00    4.00   14.00   69.16   87.00 9887.00 
   Min. 1st Qu.  Median    Mean 3rd Qu.    Max. 
    0.0     8.0    23.0   105.2   134.0 15546.0 
[1] "Number of reads for technical replica: 3562271, 5420170"
[1] "Pearson between technical replica 27-10-O4-4b_S8 and 27-10-O4-4br_S32 of 51511 lib odd4 members 0.99 (log 0.95, spearman 0.92). Counts summaries:"
   Min. 1st Qu.  Median    Mean 3rd Qu.    Max. 
    0.0     5.0    12.0    89.5   115.0 13220.0 
   Min. 1st Qu.  Median    Mean 3rd Qu.    Max. 
    0.0     7.0    17.0   105.7   138.0 14855.0 
[1] "Number of reads for technical replica: 4610383, 5445221"
[1] "Pearson between technical replica 30-5-E1-1_S17 and 30-5-E1-1r_S41 of 55184 lib even1 members 0.98 (log 0.96, spearman 0.94). Counts summaries:"
   Min. 1st Qu.  Median    Mean 3rd Qu.    Max. 
   0.00   22.00   37.00   81.96   80.00 2600.00 
   Min. 1st Qu.  Median    Mean 3rd Qu.    Max. 
    0.0    25.0    42.0   102.3    95.0  3570.0 
[1] "Number of reads for technical replica: 4522829, 5645591"
[1] "Pearson between technical replica 30-5-E1-1b_S21 and 30-5-E1-1br_S45 of 55184 lib even1 members 0.98 (log 0.96, spearman 0.94). Counts summaries:"
   Min. 1st Qu.  Median    Mean 3rd Qu.    Max. 
    0.0    28.0    48.0   101.5   103.0  3038.0 
   Min. 1st Qu.  Median    Mean 3rd Qu.    Max. 
   0.00   23.00   38.00   87.23   86.00 2671.00 
[1] "Number of reads for technical replica: 5603623, 4813701"
[1] "Pearson between technical replica 30-5-E1-2_S18 and 30-5-E1-2r_S42 of 55184 lib even1 members 0.98 (log 0.96, spearman 0.96). Counts summaries:"
   Min. 1st Qu.  Median    Mean 3rd Qu.    Max. 
    0.0    34.0    60.0   108.2   137.0  1341.0 
   Min. 1st Qu.  Median    Mean 3rd Qu.    Max. 
   0.00   28.00   50.00   93.42  117.00 1169.00 
[1] "Number of reads for technical replica: 5972400, 5155535"
[1] "Pearson between technical replica 30-5-E1-2b_S22 and 30-5-E1-2br_S46 of 55184 lib even1 members 0.97 (log 0.95, spearman 0.94). Counts summaries:"
   Min. 1st Qu.  Median    Mean 3rd Qu.    Max. 
   0.00   29.00   52.00   85.36  109.00 1495.00 
   Min. 1st Qu.  Median    Mean 3rd Qu.    Max. 
    0.0    30.0    54.0    94.7   120.0  1303.0 
[1] "Number of reads for technical replica: 4710596, 5225896"
[1] "Pearson between technical replica 30-5-E1-3_S19 and 30-5-E1-3r_S43 of 55184 lib even1 members 0.97 (log 0.95, spearman 0.94). Counts summaries:"
   Min. 1st Qu.  Median    Mean 3rd Qu.    Max. 
   0.00   31.00   54.00   90.76  113.00 1294.00 
   Min. 1st Qu.  Median    Mean 3rd Qu.    Max. 
   0.00   28.00   48.00   84.14  104.00 1271.00 
[1] "Number of reads for technical replica: 5008268, 4643145"
[1] "Pearson between technical replica 30-5-E1-3b_S23 and 30-5-E1-3br_S47 of 55184 lib even1 members 0.97 (log 0.95, spearman 0.94). Counts summaries:"
   Min. 1st Qu.  Median    Mean 3rd Qu.    Max. 
   0.00   33.00   56.00   83.44  105.00 1112.00 
   Min. 1st Qu.  Median    Mean 3rd Qu.    Max. 
      0      48      82     128     161    1667 
[1] "Number of reads for technical replica: 4604395, 7062024"
[1] "Pearson between technical replica 30-5-E1-4_S20 and 30-5-E1-4r_S44 of 55184 lib even1 members 0.98 (log 0.96, spearman 0.94). Counts summaries:"
   Min. 1st Qu.  Median    Mean 3rd Qu.    Max. 
   0.00   25.00   43.00   96.69  122.00 1352.00 
   Min. 1st Qu.  Median    Mean 3rd Qu.    Max. 
   0.00   24.00   40.00   99.76  126.00 1470.00 
[1] "Number of reads for technical replica: 5335920, 5505169"
[1] "Pearson between technical replica 30-5-E1-4b_S24 and 30-5-E1-4br_S48 of 55184 lib even1 members 0.98 (log 0.96, spearman 0.94). Counts summaries:"
   Min. 1st Qu.  Median    Mean 3rd Qu.    Max. 
   0.00   23.00   39.00   87.98  115.00 1282.00 
   Min. 1st Qu.  Median    Mean 3rd Qu.    Max. 
   0.00   22.00   39.00   87.72  112.00 1309.00 
[1] "Number of reads for technical replica: 4855317, 4840601"
[1] "Pearson between technical replica 7-12-E2-1_S9 and 7-12-E2-1r_S33 of 50270 lib even2 members 0.99 (log 0.97, spearman 0.93). Counts summaries:"
   Min. 1st Qu.  Median    Mean 3rd Qu.    Max. 
   0.00   21.00   35.00   96.08   84.00 8119.00 
   Min. 1st Qu.  Median    Mean 3rd Qu.    Max. 
    0.0    23.0    38.0   106.3    93.0  9052.0 
[1] "Number of reads for technical replica: 4830032, 5345368"
[1] "Pearson between technical replica 7-12-E2-1b_S13 and 7-12-E2-1br_S37 of 50270 lib even2 members 0.99 (log 0.96, spearman 0.93). Counts summaries:"
   Min. 1st Qu.  Median    Mean 3rd Qu.    Max. 
   0.00   19.00   32.00   83.95   80.00 6733.00 
   Min. 1st Qu.  Median    Mean 3rd Qu.    Max. 
    0.0    18.0    29.0    79.5    72.0  6809.0 
[1] "Number of reads for technical replica: 4220261, 3996623"
[1] "Pearson between technical replica 7-12-E2-2_S10 and 7-12-E2-2r_S34 of 50270 lib even2 members 0.99 (log 0.96, spearman 0.96). Counts summaries:"
   Min. 1st Qu.  Median    Mean 3rd Qu.    Max. 
   0.00   26.00   52.00   87.82  113.00 7211.00 
   Min. 1st Qu.  Median    Mean 3rd Qu.    Max. 
    0.0    34.0    66.0   108.3   140.0  8783.0 
[1] "Number of reads for technical replica: 4414495, 5444814"
[1] "Pearson between technical replica 7-12-E2-2b_S14 and 7-12-E2-2br_S38 of 50270 lib even2 members 0.99 (log 0.96, spearman 0.96). Counts summaries:"
   Min. 1st Qu.  Median    Mean 3rd Qu.    Max. 
    0.0    32.0    63.0   103.2   132.0  8524.0 
   Min. 1st Qu.  Median    Mean 3rd Qu.    Max. 
   0.00   31.00   60.00   99.33  127.00 8578.00 
[1] "Number of reads for technical replica: 5188834, 4993453"
[1] "Pearson between technical replica 7-12-E2-3_S11 and 7-12-E2-3r_S35 of 50270 lib even2 members 0.99 (log 0.95, spearman 0.95). Counts summaries:"
   Min. 1st Qu.  Median    Mean 3rd Qu.    Max. 
   0.00   29.00   52.00   81.19   99.00 7542.00 
   Min. 1st Qu.  Median    Mean 3rd Qu.    Max. 
   0.00   35.00   62.00   96.84  118.00 8527.00 
[1] "Number of reads for technical replica: 4081506, 4868198"
[1] "Pearson between technical replica 7-12-E2-3b_S15 and 7-12-E2-3br_S39 of 50270 lib even2 members 0.99 (log 0.95, spearman 0.95). Counts summaries:"
   Min. 1st Qu.  Median    Mean 3rd Qu.    Max. 
    0.0    31.0    55.0    84.3   102.0  7239.0 
   Min. 1st Qu.  Median    Mean 3rd Qu.    Max. 
      0      39      67     103     124    9116 
[1] "Number of reads for technical replica: 4238026, 5178566"
[1] "Pearson between technical replica 7-12-E2-4_S12 and 7-12-E2-4r_S36 of 50270 lib even2 members 0.99 (log 0.96, spearman 0.95). Counts summaries:"
    Min.  1st Qu.   Median     Mean  3rd Qu.     Max. 
    0.00    21.00    38.00    96.04   130.00 13094.00 
   Min. 1st Qu.  Median    Mean 3rd Qu.    Max. 
    0.0    23.0    43.0   112.4   156.0 15340.0 
[1] "Number of reads for technical replica: 4827839, 5650564"
[1] "Pearson between technical replica 7-12-E2-4b_S16 and 7-12-E2-4br_S40 of 50270 lib even2 members 0.99 (log 0.96, spearman 0.95). Counts summaries:"
    Min.  1st Qu.   Median     Mean  3rd Qu.     Max. 
    0.00    21.00    38.00    87.25   116.00 11019.00 
   Min. 1st Qu.  Median    Mean 3rd Qu.    Max. 
    0.0    27.0    47.0   108.3   145.0 13532.0 
[1] "Number of reads for technical replica: 4385963, 5446769"
[1] "Pearson between technical replica 7-12-O4-1_S1 and 7-12-O4-1r_S25 of 51511 lib odd4 members 0.99 (log 0.96, spearman 0.93). Counts summaries:"
   Min. 1st Qu.  Median    Mean 3rd Qu.    Max. 
   0.00   12.00   21.00   74.38   59.00 9938.00 
   Min. 1st Qu.  Median    Mean 3rd Qu.    Max. 
    0.0    18.0    32.0   106.5    87.0 13319.0 
[1] "Number of reads for technical replica: 3831608, 5485505"
[1] "Pearson between technical replica 7-12-O4-1b_S5 and 7-12-O4-1br_S29 of 51511 lib odd4 members 0.99 (log 0.96, spearman 0.92). Counts summaries:"
   Min. 1st Qu.  Median    Mean 3rd Qu.    Max. 
   0.00   15.00   26.00   79.51   65.00 9857.00 
   Min. 1st Qu.  Median    Mean 3rd Qu.    Max. 
    0.0    17.0    29.0    86.8    72.0 10603.0 
[1] "Number of reads for technical replica: 4095680, 4470888"
[1] "Pearson between technical replica 7-12-O4-2_S2 and 7-12-O4-2r_S26 of 51511 lib odd4 members 0.99 (log 0.95, spearman 0.95). Counts summaries:"
   Min. 1st Qu.  Median    Mean 3rd Qu.    Max. 
   0.00   11.00   23.00   44.42   57.00 9840.00 
   Min. 1st Qu.  Median    Mean 3rd Qu.    Max. 
    0.0    30.0    61.0   113.9   148.0 29087.0 
[1] "Number of reads for technical replica: 2288081, 5868625"
[1] "Pearson between technical replica 7-12-O4-2b_S6 and 7-12-O4-2br_S30 of 51511 lib odd4 members 0.99 (log 0.95, spearman 0.96). Counts summaries:"
   Min. 1st Qu.  Median    Mean 3rd Qu.    Max. 
   0.00   18.00   39.00   74.75   99.00 5007.00 
   Min. 1st Qu.  Median    Mean 3rd Qu.    Max. 
   0.00   20.00   42.00   78.19  104.00 5171.00 
[1] "Number of reads for technical replica: 3850574, 4027811"
[1] "Pearson between technical replica 7-12-O4-3_S3 and 7-12-O4-3r_S27 of 51511 lib odd4 members 0.99 (log 0.95, spearman 0.95). Counts summaries:"
   Min. 1st Qu.  Median    Mean 3rd Qu.    Max. 
    0.0    26.0    51.0    83.3   102.0  7400.0 
   Min. 1st Qu.  Median    Mean 3rd Qu.    Max. 
   0.00   27.00   52.00   85.11  105.00 7474.00 
[1] "Number of reads for technical replica: 4290642, 4384274"
[1] "Pearson between technical replica 7-12-O4-3b_S7 and 7-12-O4-3br_S31 of 51511 lib odd4 members 0.99 (log 0.95, spearman 0.95). Counts summaries:"
   Min. 1st Qu.  Median    Mean 3rd Qu.    Max. 
   0.00   28.00   55.00   89.51  110.00 7749.00 
   Min. 1st Qu.  Median    Mean 3rd Qu.    Max. 
   0.00   31.00   59.00   95.85  117.00 8247.00 
[1] "Number of reads for technical replica: 4610955, 4937482"
[1] "Pearson between technical replica 7-12-O4-4_S4 and 7-12-O4-4r_S28 of 51511 lib odd4 members 0.99 (log 0.96, spearman 0.94). Counts summaries:"
   Min. 1st Qu.  Median    Mean 3rd Qu.    Max. 
   0.00   12.00   23.00   74.48  102.00 7594.00 
   Min. 1st Qu.  Median    Mean 3rd Qu.    Max. 
   0.00   14.00   27.00   80.35  108.00 7930.00 
[1] "Number of reads for technical replica: 3836446, 4139027"
[1] "Pearson between technical replica 7-12-O4-4b_S8 and 7-12-O4-4br_S32 of 51511 lib odd4 members 0.99 (log 0.96, spearman 0.95). Counts summaries:"
   Min. 1st Qu.  Median    Mean 3rd Qu.    Max. 
    0.0    16.0    31.0    96.6   131.0  9726.0 
   Min. 1st Qu.  Median    Mean 3rd Qu.    Max. 
    0.0    20.0    38.0   111.2   152.0 10908.0 
[1] "Number of reads for technical replica: 4976019, 5726785"
[1] "Pearson between technical replica 8-12-E2-1_S9 and 8-12-E2-1r_S33 of 50270 lib even2 members 0.99 (log 0.96, spearman 0.94). Counts summaries:"
   Min. 1st Qu.  Median    Mean 3rd Qu.    Max. 
   0.00   17.00   31.00   86.88   92.00 7449.00 
   Min. 1st Qu.  Median    Mean 3rd Qu.    Max. 
   0.00   18.00   32.00   87.01   94.00 7683.00 
[1] "Number of reads for technical replica: 4367609, 4374165"
[1] "Pearson between technical replica 8-12-E2-1b_S13 and 8-12-E2-1br_S37 of 50270 lib even2 members 0.99 (log 0.95, spearman 0.93). Counts summaries:"
   Min. 1st Qu.  Median    Mean 3rd Qu.    Max. 
   0.00   18.00   33.00   92.25   96.00 7864.00 
   Min. 1st Qu.  Median    Mean 3rd Qu.    Max. 
   0.00   11.00   20.00   54.79   57.00 4778.00 
[1] "Number of reads for technical replica: 4637557, 2754226"
[1] "Pearson between technical replica 8-12-E2-2_S10 and 8-12-E2-2r_S34 of 50270 lib even2 members 0.99 (log 0.96, spearman 0.96). Counts summaries:"
   Min. 1st Qu.  Median    Mean 3rd Qu.    Max. 
   0.00   20.00   40.00   73.66   91.00 6952.00 
   Min. 1st Qu.  Median    Mean 3rd Qu.    Max. 
   0.00   26.00   51.00   90.74  112.00 8251.00 
[1] "Number of reads for technical replica: 3702949, 4561726"
[1] "Pearson between technical replica 8-12-E2-2b_S14 and 8-12-E2-2br_S38 of 50270 lib even2 members 0.99 (log 0.96, spearman 0.96). Counts summaries:"
   Min. 1st Qu.  Median    Mean 3rd Qu.    Max. 
   0.00   21.00   41.00   76.65   96.00 7816.00 
   Min. 1st Qu.  Median    Mean 3rd Qu.    Max. 
   0.00   24.00   48.00   86.74  107.00 8595.00 
[1] "Number of reads for technical replica: 3853218, 4360239"
[1] "Pearson between technical replica 8-12-E2-3_S11 and 8-12-E2-3r_S35 of 50270 lib even2 members 0.99 (log 0.96, spearman 0.95). Counts summaries:"
   Min. 1st Qu.  Median    Mean 3rd Qu.    Max. 
    0.0    22.0    42.0    78.4    94.0  8598.0 
   Min. 1st Qu.  Median    Mean 3rd Qu.    Max. 
   0.00   25.00   48.00   86.25  104.00 9558.00 
[1] "Number of reads for technical replica: 3941114, 4336028"
[1] "Pearson between technical replica 8-12-E2-3b_S15 and 8-12-E2-3br_S39 of 50270 lib even2 members 0.99 (log 0.96, spearman 0.95). Counts summaries:"
   Min. 1st Qu.  Median    Mean 3rd Qu.    Max. 
    0.0    29.0    54.0    96.8   116.0 10456.0 
   Min. 1st Qu.  Median    Mean 3rd Qu.    Max. 
   0.00   25.00   47.00   83.01  100.00 9289.00 
[1] "Number of reads for technical replica: 4866222, 4173005"
[1] "Pearson between technical replica 8-12-E2-4_S12 and 8-12-E2-4r_S36 of 50270 lib even2 members 0.99 (log 0.97, spearman 0.95). Counts summaries:"
    Min.  1st Qu.   Median     Mean  3rd Qu.     Max. 
    0.00    18.00    33.00    96.28   120.00 12619.00 
   Min. 1st Qu.  Median    Mean 3rd Qu.    Max. 
    0.0    21.0    39.0   106.8   134.0 13777.0 
[1] "Number of reads for technical replica: 4839938, 5366444"
[1] "Pearson between technical replica 8-12-E2-4b_S16 and 8-12-E2-4br_S40 of 50270 lib even2 members 0.99 (log 0.96, spearman 0.95). Counts summaries:"
    Min.  1st Qu.   Median     Mean  3rd Qu.     Max. 
    0.00    20.00    38.00    98.59   123.00 14105.00 
    Min.  1st Qu.   Median     Mean  3rd Qu.     Max. 
    0.00    20.00    38.00    93.31   118.00 11582.00 
[1] "Number of reads for technical replica: 4955945, 4690478"
[1] "Pearson between technical replica 8-12-O4-1_S17 and 8-12-O4-1r_S41 of 51511 lib odd4 members 0.99 (log 0.96, spearman 0.93). Counts summaries:"
   Min. 1st Qu.  Median    Mean 3rd Qu.    Max. 
   0.00   15.00   26.00   68.33   68.00 7693.00 
    Min.  1st Qu.   Median     Mean  3rd Qu.     Max. 
    0.00    22.00    38.00    98.19   102.00 10894.00 
[1] "Number of reads for technical replica: 3519634, 5057682"
[1] "Pearson between technical replica 8-12-O4-1b_S21 and 8-12-O4-1br_S45 of 51511 lib odd4 members 0.99 (log 0.96, spearman 0.94). Counts summaries:"
   Min. 1st Qu.  Median    Mean 3rd Qu.    Max. 
   0.00   19.00   32.00   87.23   84.00 9794.00 
   Min. 1st Qu.  Median    Mean 3rd Qu.    Max. 
    0.0    24.0    40.0   101.8   102.5 11679.0 
[1] "Number of reads for technical replica: 4493327, 5242694"
[1] "Pearson between technical replica 8-12-O4-2_S18 and 8-12-O4-2r_S42 of 51511 lib odd4 members 0.99 (log 0.96, spearman 0.96). Counts summaries:"
   Min. 1st Qu.  Median    Mean 3rd Qu.    Max. 
   0.00   23.00   44.00   83.92  101.00 8662.00 
   Min. 1st Qu.  Median    Mean 3rd Qu.    Max. 
    0.0    31.0    58.0   100.7   124.0  9252.0 
[1] "Number of reads for technical replica: 4322658, 5189019"
[1] "Pearson between technical replica 8-12-O4-2b_S22 and 8-12-O4-2br_S46 of 51511 lib odd4 members 0.98 (log 0.95, spearman 0.94). Counts summaries:"
   Min. 1st Qu.  Median    Mean 3rd Qu.    Max. 
   0.00   18.00   36.00   68.94   83.00 6477.00 
   Min. 1st Qu.  Median    Mean 3rd Qu.    Max. 
   0.00   26.00   48.00   87.94  108.00 7992.00 
[1] "Number of reads for technical replica: 3551299, 4530006"
[1] "Pearson between technical replica 8-12-O4-3_S19 and 8-12-O4-3r_S43 of 51511 lib odd4 members 0.99 (log 0.95, spearman 0.95). Counts summaries:"
   Min. 1st Qu.  Median    Mean 3rd Qu.    Max. 
   0.00   20.00   40.00   75.04   90.00 7498.00 
   Min. 1st Qu.  Median    Mean 3rd Qu.    Max. 
   0.00   25.00   47.00   83.72  102.00 7326.00 
[1] "Number of reads for technical replica: 3865488, 4312592"
[1] "Pearson between technical replica 8-12-O4-3b_S23 and 8-12-O4-3br_S47 of 51511 lib odd4 members 0.99 (log 0.95, spearman 0.95). Counts summaries:"
   Min. 1st Qu.  Median    Mean 3rd Qu.    Max. 
   0.00   22.00   41.00   74.94   89.00 7379.00 
   Min. 1st Qu.  Median    Mean 3rd Qu.    Max. 
    0.0    35.0    63.0   106.9   128.0  9186.0 
[1] "Number of reads for technical replica: 3860085, 5508654"
[1] "Pearson between technical replica 8-12-O4-4_S20 and 8-12-O4-4r_S44 of 51511 lib odd4 members 0.99 (log 0.96, spearman 0.94). Counts summaries:"
   Min. 1st Qu.  Median    Mean 3rd Qu.    Max. 
   0.00   14.00   26.00   74.87   93.00 8111.00 
    Min.  1st Qu.   Median     Mean  3rd Qu.     Max. 
    0.00    20.00    35.00    98.81   128.00 10498.00 
[1] "Number of reads for technical replica: 3856718, 5089802"
[1] "Pearson between technical replica 8-12-O4-4b_S24 and 8-12-O4-4br_S48 of 51511 lib odd4 members 0.99 (log 0.95, spearman 0.93). Counts summaries:"
   Min. 1st Qu.  Median    Mean 3rd Qu.    Max. 
   0.00   18.00   33.00   86.41  111.00 8846.00 
   Min. 1st Qu.  Median    Mean 3rd Qu.    Max. 
   0.00   12.00   23.00   53.58   70.00 5316.00 
[1] "Number of reads for technical replica: 4451220, 2760088"
[1] "Tech replica correlations"
   Min. 1st Qu.  Median    Mean 3rd Qu.    Max. 
 0.7949  0.9788  0.9857  0.9817  0.9904  0.9940 
[1] "Reads per tech replica"
    Min.  1st Qu.   Median     Mean  3rd Qu.     Max. 
    6267  3634598  4344234  3843016  4939068 12462792 
[1] "Distribution of raw read counts per tile across all libraries and replicates (technical replicates merged)"
   Min. 1st Qu.  Median    Mean 3rd Qu.    Max. 
    0.0    37.0    78.0   175.7   217.0 38927.0 
[1] "PSI calculated for 54941 of 55184 (99.56%) tiles of lib even1 replica bio2_facs1_psi"
[1] "PSI calculated for 54950 of 55184 (99.58%) tiles of lib even1 replica bio2_facs2_psi"
[1] "PSI calculated for 54952 of 55184 (99.58%) tiles of lib even1 replica bio3_facs1_psi"
[1] "PSI calculated for 54950 of 55184 (99.58%) tiles of lib even1 replica bio3_facs2_psi"
[1] "PSI calculated for 54983 of 55184 (99.64%) tiles of lib even1 replica bio1_facs1_psi"
[1] "PSI calculated for 54987 of 55184 (99.64%) tiles of lib even1 replica bio1_facs2_psi"
[1] "Lib even1 PSI Pearson of 15 replica pairs: mean 0.9751 range 0.9663 - 0.9880"
[1] "PSI calculated for 50065 of 50270 (99.59%) tiles of lib even2 replica bio3_facs1_psi"
[1] "PSI calculated for 50071 of 50270 (99.60%) tiles of lib even2 replica bio3_facs2_psi"
[1] "PSI calculated for 50086 of 50270 (99.63%) tiles of lib even2 replica bio1_facs1_psi"
[1] "PSI calculated for 50083 of 50270 (99.63%) tiles of lib even2 replica bio1_facs2_psi"
[1] "PSI calculated for 50067 of 50270 (99.60%) tiles of lib even2 replica bio2_facs1_psi"
[1] "PSI calculated for 50061 of 50270 (99.58%) tiles of lib even2 replica bio2_facs2_psi"
[1] "Lib even2 PSI Pearson of 15 replica pairs: mean 0.9846 range 0.9805 - 0.9919"
[1] "PSI calculated for 56371 of 56582 (99.63%) tiles of lib odd3 replica bio1_facs1_psi"
[1] "PSI calculated for 56387 of 56582 (99.66%) tiles of lib odd3 replica bio1_facs2_psi"
[1] "PSI calculated for 56376 of 56582 (99.64%) tiles of lib odd3 replica bio2_facs1_psi"
[1] "PSI calculated for 56383 of 56582 (99.65%) tiles of lib odd3 replica bio2_facs2_psi"
[1] "PSI calculated for 56327 of 56582 (99.55%) tiles of lib odd3 replica bio3_facs1_psi"
[1] "PSI calculated for 56321 of 56582 (99.54%) tiles of lib odd3 replica bio3_facs2_psi"
[1] "Lib odd3 PSI Pearson of 15 replica pairs: mean 0.9801 range 0.9661 - 0.9939"
[1] "PSI calculated for 51323 of 51511 (99.64%) tiles of lib odd4 replica bio1_facs1_psi"
[1] "PSI calculated for 51315 of 51511 (99.62%) tiles of lib odd4 replica bio1_facs2_psi"
[1] "PSI calculated for 51355 of 51511 (99.70%) tiles of lib odd4 replica bio2_facs1_psi"
[1] "PSI calculated for 51344 of 51511 (99.68%) tiles of lib odd4 replica bio2_facs2_psi"
[1] "PSI calculated for 51348 of 51511 (99.68%) tiles of lib odd4 replica bio3_facs1_psi"
[1] "PSI calculated for 51345 of 51511 (99.68%) tiles of lib odd4 replica bio3_facs2_psi"
[1] "Lib odd4 PSI Pearson of 15 replica pairs: mean 0.9819 range 0.9731 - 0.9906"
[1] "PSI calculated for 5204 of 5223 (99.64%) tiles of lib ct1 replica bio1_facs1_psi"
[1] "PSI calculated for 5203 of 5223 (99.62%) tiles of lib ct1 replica bio1_facs2_psi"
[1] "PSI calculated for 5204 of 5223 (99.64%) tiles of lib ct1 replica bio2_facs1_psi"
[1] "PSI calculated for 5201 of 5223 (99.58%) tiles of lib ct1 replica bio2_facs2_psi"
[1] "PSI calculated for 5200 of 5223 (99.56%) tiles of lib ct1 replica bio3_facs1_psi"
[1] "PSI calculated for 5200 of 5223 (99.56%) tiles of lib ct1 replica bio3_facs2_psi"
[1] "Lib ct1 PSI Pearson of 15 replica pairs: mean 0.9897 range 0.9850 - 0.9925"
[1] "All lib PSI Pearson of 75 replica mean 0.9823 range 0.9661 - 0.9939"
[1] "Of 1312620 measurements, 1307603 (99.62%) exists and 1296113 (98.74%) are above read count threshold of 100.0"
[1] "Removed 457 (0.83%) PSI's resulting in a total 457 (0.83%) NA values for lib even1 replica bio1_facs1_psi. Read distribution of non-NA psi values:"
[1] "Removed 459 (0.83%) PSI's resulting in a total 459 (0.83%) NA values for lib even1 replica bio1_facs2_psi. Read distribution of non-NA psi values:"
[1] "Removed 943 (1.71%) PSI's resulting in a total 943 (1.71%) NA values for lib even1 replica bio2_facs1_psi. Read distribution of non-NA psi values:"
[1] "Removed 897 (1.63%) PSI's resulting in a total 897 (1.63%) NA values for lib even1 replica bio2_facs2_psi. Read distribution of non-NA psi values:"
[1] "Removed 867 (1.57%) PSI's resulting in a total 867 (1.57%) NA values for lib even1 replica bio3_facs1_psi. Read distribution of non-NA psi values:"
[1] "Removed 901 (1.63%) PSI's resulting in a total 901 (1.63%) NA values for lib even1 replica bio3_facs2_psi. Read distribution of non-NA psi values:"
[1] "Removed 450 (0.90%) PSI's resulting in a total 450 (0.90%) NA values for lib even2 replica bio1_facs1_psi. Read distribution of non-NA psi values:"
[1] "Removed 454 (0.90%) PSI's resulting in a total 454 (0.90%) NA values for lib even2 replica bio1_facs2_psi. Read distribution of non-NA psi values:"
[1] "Removed 620 (1.23%) PSI's resulting in a total 620 (1.23%) NA values for lib even2 replica bio2_facs1_psi. Read distribution of non-NA psi values:"
[1] "Removed 618 (1.23%) PSI's resulting in a total 618 (1.23%) NA values for lib even2 replica bio2_facs2_psi. Read distribution of non-NA psi values:"
[1] "Removed 563 (1.12%) PSI's resulting in a total 563 (1.12%) NA values for lib even2 replica bio3_facs1_psi. Read distribution of non-NA psi values:"
[1] "Removed 650 (1.29%) PSI's resulting in a total 650 (1.29%) NA values for lib even2 replica bio3_facs2_psi. Read distribution of non-NA psi values:"
[1] "Removed 512 (0.90%) PSI's resulting in a total 512 (0.90%) NA values for lib odd3 replica bio1_facs1_psi. Read distribution of non-NA psi values:"
[1] "Removed 486 (0.86%) PSI's resulting in a total 486 (0.86%) NA values for lib odd3 replica bio1_facs2_psi. Read distribution of non-NA psi values:"
[1] "Removed 491 (0.87%) PSI's resulting in a total 491 (0.87%) NA values for lib odd3 replica bio2_facs1_psi. Read distribution of non-NA psi values:"
[1] "Removed 483 (0.85%) PSI's resulting in a total 483 (0.85%) NA values for lib odd3 replica bio2_facs2_psi. Read distribution of non-NA psi values:"
[1] "Removed 893 (1.58%) PSI's resulting in a total 893 (1.58%) NA values for lib odd3 replica bio3_facs1_psi. Read distribution of non-NA psi values:"
[1] "Removed 1187 (2.10%) PSI's resulting in a total 1187 (2.10%) NA values for lib odd3 replica bio3_facs2_psi. Read distribution of non-NA psi values:"
[1] "Removed 965 (1.87%) PSI's resulting in a total 965 (1.87%) NA values for lib odd4 replica bio1_facs1_psi. Read distribution of non-NA psi values:"
[1] "Removed 902 (1.75%) PSI's resulting in a total 902 (1.75%) NA values for lib odd4 replica bio1_facs2_psi. Read distribution of non-NA psi values:"
[1] "Removed 625 (1.21%) PSI's resulting in a total 625 (1.21%) NA values for lib odd4 replica bio2_facs1_psi. Read distribution of non-NA psi values:"
[1] "Removed 573 (1.11%) PSI's resulting in a total 573 (1.11%) NA values for lib odd4 replica bio2_facs2_psi. Read distribution of non-NA psi values:"
[1] "Removed 498 (0.97%) PSI's resulting in a total 498 (0.97%) NA values for lib odd4 replica bio3_facs1_psi. Read distribution of non-NA psi values:"
[1] "Removed 522 (1.01%) PSI's resulting in a total 522 (1.01%) NA values for lib odd4 replica bio3_facs2_psi. Read distribution of non-NA psi values:"
[1] "Removed 36 (0.69%) PSI's resulting in a total 36 (0.69%) NA values for lib ct1 replica bio1_facs1_psi. Read distribution of non-NA psi values:"
[1] "Removed 37 (0.71%) PSI's resulting in a total 37 (0.71%) NA values for lib ct1 replica bio1_facs2_psi. Read distribution of non-NA psi values:"
[1] "Removed 36 (0.69%) PSI's resulting in a total 36 (0.69%) NA values for lib ct1 replica bio2_facs1_psi. Read distribution of non-NA psi values:"
[1] "Removed 39 (0.75%) PSI's resulting in a total 39 (0.75%) NA values for lib ct1 replica bio2_facs2_psi. Read distribution of non-NA psi values:"
[1] "Removed 63 (1.21%) PSI's resulting in a total 63 (1.21%) NA values for lib ct1 replica bio3_facs1_psi. Read distribution of non-NA psi values:"
[1] "Removed 57 (1.09%) PSI's resulting in a total 57 (1.09%) NA values for lib ct1 replica bio3_facs2_psi. Read distribution of non-NA psi values:"
[1] "Removed 16284 measurements with read count sum < 100.0"
[1] "Lib even1 replica bio1_facs1_psi read distribution of 54727 (99.17%) non-NA psi values:"
    Min.  1st Qu.   Median     Mean  3rd Qu.     Max. 
   9.462   46.762   66.815   73.069   92.766 1069.466 
[1] "Lib even1 replica bio1_facs2_psi read distribution of 54725 (99.17%) non-NA psi values:"
    Min.  1st Qu.   Median     Mean  3rd Qu.     Max. 
   9.267   46.595   66.687   73.072   92.584 1088.403 
[1] "Lib even1 replica bio2_facs1_psi read distribution of 54241 (98.29%) non-NA psi values:"
   Min. 1st Qu.  Median    Mean 3rd Qu.    Max. 
  10.89   43.65   65.39   73.65   94.38 1031.72 
[1] "Lib even1 replica bio2_facs2_psi read distribution of 54287 (98.37%) non-NA psi values:"
   Min. 1st Qu.  Median    Mean 3rd Qu.    Max. 
  11.75   43.57   65.23   73.59   94.55 1033.45 
[1] "Lib even1 replica bio3_facs1_psi read distribution of 54317 (98.43%) non-NA psi values:"
   Min. 1st Qu.  Median    Mean 3rd Qu.    Max. 
  10.82   44.39   65.99   73.56   94.31  996.47 
[1] "Lib even1 replica bio3_facs2_psi read distribution of 54283 (98.37%) non-NA psi values:"
    Min.  1st Qu.   Median     Mean  3rd Qu.     Max. 
   9.427   43.976   65.759   73.605   94.493 1196.716 
[1] "Lib even2 replica bio1_facs1_psi read distribution of 49820 (99.10%) non-NA psi values:"
   Min. 1st Qu.  Median    Mean 3rd Qu.    Max. 
   9.92   45.49   64.71   80.27   92.75 4546.80 
[1] "Lib even2 replica bio1_facs2_psi read distribution of 49816 (99.10%) non-NA psi values:"
   Min. 1st Qu.  Median    Mean 3rd Qu.    Max. 
  10.32   45.66   65.13   80.27   92.36 4391.52 
[1] "Lib even2 replica bio2_facs1_psi read distribution of 49650 (98.77%) non-NA psi values:"
   Min. 1st Qu.  Median    Mean 3rd Qu.    Max. 
  10.32   45.22   64.70   80.52   93.20 5209.70 
[1] "Lib even2 replica bio2_facs2_psi read distribution of 49652 (98.77%) non-NA psi values:"
   Min. 1st Qu.  Median    Mean 3rd Qu.    Max. 
  10.74   45.20   64.63   80.51   92.74 5262.28 
[1] "Lib even2 replica bio3_facs1_psi read distribution of 49707 (98.88%) non-NA psi values:"
    Min.  1st Qu.   Median     Mean  3rd Qu.     Max. 
   9.971   44.446   64.121   80.437   93.137 5122.874 
[1] "Lib even2 replica bio3_facs2_psi read distribution of 49620 (98.71%) non-NA psi values:"
   Min. 1st Qu.  Median    Mean 3rd Qu.    Max. 
  11.34   44.32   63.90   80.56   93.16 5081.39 
[1] "Lib odd3 replica bio1_facs1_psi read distribution of 56070 (99.10%) non-NA psi values:"
   Min. 1st Qu.  Median    Mean 3rd Qu.    Max. 
  9.665  47.015  65.430  71.321  89.468 626.725 
[1] "Lib odd3 replica bio1_facs2_psi read distribution of 56096 (99.14%) non-NA psi values:"
   Min. 1st Qu.  Median    Mean 3rd Qu.    Max. 
  6.171  47.112  65.406  71.291  89.569 618.968 
[1] "Lib odd3 replica bio2_facs1_psi read distribution of 56091 (99.13%) non-NA psi values:"
   Min. 1st Qu.  Median    Mean 3rd Qu.    Max. 
  9.169  47.715  65.587  71.297  89.050 641.404 
[1] "Lib odd3 replica bio2_facs2_psi read distribution of 56099 (99.15%) non-NA psi values:"
   Min. 1st Qu.  Median    Mean 3rd Qu.    Max. 
  8.812  47.604  65.510  71.288  89.173 663.276 
[1] "Lib odd3 replica bio3_facs1_psi read distribution of 55689 (98.42%) non-NA psi values:"
   Min. 1st Qu.  Median    Mean 3rd Qu.    Max. 
  11.00   43.32   63.40   71.75   91.38  692.75 
[1] "Lib odd3 replica bio3_facs2_psi read distribution of 55395 (97.90%) non-NA psi values:"
   Min. 1st Qu.  Median    Mean 3rd Qu.    Max. 
  11.94   43.23   64.59   72.09   92.43  737.25 
[1] "Lib odd4 replica bio1_facs1_psi read distribution of 50546 (98.13%) non-NA psi values:"
   Min. 1st Qu.  Median    Mean 3rd Qu.    Max. 
  10.61   42.41   63.88   79.03   93.49 3981.56 
[1] "Lib odd4 replica bio1_facs2_psi read distribution of 50609 (98.25%) non-NA psi values:"
    Min.  1st Qu.   Median     Mean  3rd Qu.     Max. 
   9.884   42.136   63.660   78.957   93.764 3630.335 
[1] "Lib odd4 replica bio2_facs1_psi read distribution of 50886 (98.79%) non-NA psi values:"
   Min. 1st Qu.  Median    Mean 3rd Qu.    Max. 
  11.10   42.40   63.14   78.55   91.82 4820.84 
[1] "Lib odd4 replica bio2_facs2_psi read distribution of 50938 (98.89%) non-NA psi values:"
   Min. 1st Qu.  Median    Mean 3rd Qu.    Max. 
   9.66   42.46   62.93   78.48   92.20 3452.29 
[1] "Lib odd4 replica bio3_facs1_psi read distribution of 51013 (99.03%) non-NA psi values:"
   Min. 1st Qu.  Median    Mean 3rd Qu.    Max. 
  11.00   44.40   64.37   78.37   91.54 2979.85 
[1] "Lib odd4 replica bio3_facs2_psi read distribution of 50989 (98.99%) non-NA psi values:"
   Min. 1st Qu.  Median    Mean 3rd Qu.    Max. 
  10.71   44.67   64.48   78.41   91.06 3066.38 
[1] "Lib ct1 replica bio1_facs1_psi read distribution of 5187 (99.31%) non-NA psi values:"
    Min.  1st Qu.   Median     Mean  3rd Qu.     Max. 
   79.43   476.30   651.34   771.10   916.54 16029.18 
[1] "Lib ct1 replica bio1_facs2_psi read distribution of 5186 (99.29%) non-NA psi values:"
    Min.  1st Qu.   Median     Mean  3rd Qu.     Max. 
   76.18   474.75   655.56   771.24   907.24 16590.60 
[1] "Lib ct1 replica bio2_facs1_psi read distribution of 5187 (99.31%) non-NA psi values:"
    Min.  1st Qu.   Median     Mean  3rd Qu.     Max. 
   84.52   459.96   653.23   771.10   923.20 16307.66 
[1] "Lib ct1 replica bio2_facs2_psi read distribution of 5184 (99.25%) non-NA psi values:"
    Min.  1st Qu.   Median     Mean  3rd Qu.     Max. 
   96.44   463.11   651.69   771.50   919.75 16171.96 
[1] "Lib ct1 replica bio3_facs1_psi read distribution of 5160 (98.79%) non-NA psi values:"
   Min. 1st Qu.  Median    Mean 3rd Qu.    Max. 
  116.4   449.7   646.2   774.8   928.2 16849.0 
[1] "Lib ct1 replica bio3_facs2_psi read distribution of 5166 (98.91%) non-NA psi values:"
   Min. 1st Qu.  Median    Mean 3rd Qu.    Max. 
  107.7   458.1   644.7   774.0   926.8 17235.8 
   Min. 1st Qu.  Median    Mean 3rd Qu.    Max.    NA's 
 0.0010  0.0502  0.1937  0.2439  0.4121  0.9931     457 
   Min. 1st Qu.  Median    Mean 3rd Qu.    Max.    NA's 
 0.0010  0.0518  0.1868  0.2429  0.4069  0.9911     459 
   Min. 1st Qu.  Median    Mean 3rd Qu.    Max.    NA's 
 0.0010  0.0552  0.2057  0.2634  0.4376  0.9931     943 
   Min. 1st Qu.  Median    Mean 3rd Qu.    Max.    NA's 
 0.0010  0.0533  0.1891  0.2495  0.4133  0.9936     897 
   Min. 1st Qu.  Median    Mean 3rd Qu.    Max.    NA's 
 0.0010  0.0547  0.1996  0.2578  0.4291  0.9922     867 
   Min. 1st Qu.  Median    Mean 3rd Qu.    Max.    NA's 
 0.0010  0.0576  0.1970  0.2566  0.4214  0.9951     901 
   Min. 1st Qu.  Median    Mean 3rd Qu.    Max.    NA's 
 0.0010  0.0626  0.2315  0.2869  0.4807  0.9941     450 
   Min. 1st Qu.  Median    Mean 3rd Qu.    Max.    NA's 
 0.0010  0.0584  0.2161  0.2748  0.4603  0.9934     454 
   Min. 1st Qu.  Median    Mean 3rd Qu.    Max.    NA's 
 0.0010  0.0497  0.1937  0.2535  0.4272  0.9940     620 
   Min. 1st Qu.  Median    Mean 3rd Qu.    Max.    NA's 
 0.0010  0.0469  0.1788  0.2322  0.3881  0.9955     618 
   Min. 1st Qu.  Median    Mean 3rd Qu.    Max.    NA's 
 0.0010  0.0506  0.1897  0.2440  0.4083  0.9977     563 
   Min. 1st Qu.  Median    Mean 3rd Qu.    Max.    NA's 
 0.0010  0.0515  0.1866  0.2402  0.3992  0.9917     650 
   Min. 1st Qu.  Median    Mean 3rd Qu.    Max.    NA's 
 0.0010  0.0546  0.2011  0.2470  0.4180  0.9936     512 
   Min. 1st Qu.  Median    Mean 3rd Qu.    Max.    NA's 
 0.0010  0.0478  0.1745  0.2281  0.3829  0.9845     486 
   Min. 1st Qu.  Median    Mean 3rd Qu.    Max.    NA's 
 0.0010  0.0361  0.1487  0.1951  0.3314  0.9743     491 
   Min. 1st Qu.  Median    Mean 3rd Qu.    Max.    NA's 
 0.0010  0.0404  0.1584  0.2070  0.3505  1.0069     483 
   Min. 1st Qu.  Median    Mean 3rd Qu.    Max.    NA's 
 0.0010  0.0617  0.2050  0.2653  0.4344  0.9935     893 
   Min. 1st Qu.  Median    Mean 3rd Qu.    Max.    NA's 
 0.0010  0.0646  0.2115  0.2682  0.4395  0.9944    1187 
   Min. 1st Qu.  Median    Mean 3rd Qu.    Max.    NA's 
 0.0010  0.0594  0.2009  0.2581  0.4242  0.9940     965 
   Min. 1st Qu.  Median    Mean 3rd Qu.    Max.    NA's 
 0.0010  0.0527  0.2003  0.2597  0.4331  0.9956     902 
   Min. 1st Qu.  Median    Mean 3rd Qu.    Max.    NA's 
 0.0010  0.0587  0.2171  0.2704  0.4510  0.9921     625 
   Min. 1st Qu.  Median    Mean 3rd Qu.    Max.    NA's 
 0.0010  0.0613  0.2267  0.2830  0.4762  0.9942     573 
   Min. 1st Qu.  Median    Mean 3rd Qu.    Max.    NA's 
 0.0010  0.0474  0.1877  0.2439  0.4121  0.9932     498 
   Min. 1st Qu.  Median    Mean 3rd Qu.    Max.    NA's 
 0.0010  0.0479  0.1844  0.2376  0.3987  0.9910     522 
   Min. 1st Qu.  Median    Mean 3rd Qu.    Max.    NA's 
0.00105 0.05808 0.19882 0.25215 0.41488 0.97713      36 
   Min. 1st Qu.  Median    Mean 3rd Qu.    Max.    NA's 
0.00108 0.05565 0.18943 0.24485 0.40446 1.01572      37 
   Min. 1st Qu.  Median    Mean 3rd Qu.    Max.    NA's 
0.00108 0.06371 0.20945 0.25822 0.42578 1.00465      36 
   Min. 1st Qu.  Median    Mean 3rd Qu.    Max.    NA's 
0.00107 0.06559 0.21694 0.26739 0.44286 0.99022      39 
   Min. 1st Qu.  Median    Mean 3rd Qu.    Max.    NA's 
0.00106 0.05748 0.18583 0.23515 0.38617 0.97400      63 
   Min. 1st Qu.  Median    Mean 3rd Qu.    Max.    NA's 
0.00106 0.06147 0.20198 0.25229 0.41628 0.97329      57 
[1] "Summary of SD between psi values of biological replicates for even1 library"
   Min. 1st Qu.  Median    Mean 3rd Qu.    Max.    NA's 
 0.0011  0.0925  0.1252  0.1316  0.1618  0.6710     408 
[1] "Summary of SD between cnorm values of biological replicates for even1 library"
   Min. 1st Qu.  Median    Mean 3rd Qu.    Max.    NA's 
 0.0020  0.0489  0.0648  0.0690  0.0841  0.3890     408 
[1] "Summary of SD between pnorm values of biological replicates for even1 library"
   Min. 1st Qu.  Median    Mean 3rd Qu.    Max.    NA's 
 0.0007  0.0353  0.0484  0.0532  0.0659  0.3251     408 
[1] "Summary of SD between fnorm values of biological replicates for even1 library"
   Min. 1st Qu.  Median    Mean 3rd Qu.    Max.    NA's 
 0.0000  0.0138  0.0273  0.0417  0.0564  0.3303     408 
[1] "Summary of SD between fwnorm values of biological replicates for even1 library"
   Min. 1st Qu.  Median    Mean 3rd Qu.    Max.    NA's 
 0.0000  0.0167  0.0268  0.0440  0.0555  0.3554     408 
[1] "Summary of SD between fcnorm values of biological replicates for even1 library"
   Min. 1st Qu.  Median    Mean 3rd Qu.    Max.    NA's 
 0.0000  0.0247  0.0518  0.0769  0.1048  0.5527     408 
[1] "Summary of SD between flnorm values of biological replicates for even1 library"
   Min. 1st Qu.  Median    Mean 3rd Qu.    Max.    NA's 
 0.0001  0.0136  0.0272  0.0420  0.0571  0.3381     408 
[1] "Summary of SD between unorm values of biological replicates for even1 library"
   Min. 1st Qu.  Median    Mean 3rd Qu.    Max.    NA's 
 0.0007  0.0329  0.0479  0.0512  0.0660  0.2938     408 
[1] "Summary of SD between psi values of biological replicates for even2 library"
   Min. 1st Qu.  Median    Mean 3rd Qu.    Max.    NA's 
 0.0002  0.0601  0.0823  0.0859  0.1070  0.3580     399 
[1] "Summary of SD between cnorm values of biological replicates for even2 library"
   Min. 1st Qu.  Median    Mean 3rd Qu.    Max.    NA's 
 0.0007  0.0372  0.0504  0.0533  0.0661  0.2327     399 
[1] "Summary of SD between pnorm values of biological replicates for even2 library"
   Min. 1st Qu.  Median    Mean 3rd Qu.    Max.    NA's 
 0.0001  0.0289  0.0397  0.0426  0.0534  0.1838     399 
[1] "Summary of SD between fnorm values of biological replicates for even2 library"
   Min. 1st Qu.  Median    Mean 3rd Qu.    Max.    NA's 
 0.0000  0.0113  0.0281  0.0412  0.0579  0.3634     399 
[1] "Summary of SD between fwnorm values of biological replicates for even2 library"
   Min. 1st Qu.  Median    Mean 3rd Qu.    Max.    NA's 
 0.0002  0.0175  0.0312  0.0446  0.0575  0.3698     399 
[1] "Summary of SD between fcnorm values of biological replicates for even2 library"
   Min. 1st Qu.  Median    Mean 3rd Qu.    Max.    NA's 
 0.0000  0.0199  0.0450  0.0708  0.0959  0.5630     399 
[1] "Summary of SD between flnorm values of biological replicates for even2 library"
   Min. 1st Qu.  Median    Mean 3rd Qu.    Max.    NA's 
 0.0000  0.0111  0.0277  0.0414  0.0584  0.3676     399 
[1] "Summary of SD between unorm values of biological replicates for even2 library"
   Min. 1st Qu.  Median    Mean 3rd Qu.    Max.    NA's 
 0.0008  0.0235  0.0365  0.0407  0.0534  0.1917     399 
[1] "Summary of SD between psi values of biological replicates for odd3 library"
   Min. 1st Qu.  Median    Mean 3rd Qu.    Max.    NA's 
 0.0047  0.0643  0.0916  0.1010  0.1273  1.2836     446 
[1] "Summary of SD between cnorm values of biological replicates for odd3 library"
   Min. 1st Qu.  Median    Mean 3rd Qu.    Max.    NA's 
 0.0017  0.0383  0.0530  0.0576  0.0721  0.6734     446 
[1] "Summary of SD between pnorm values of biological replicates for odd3 library"
   Min. 1st Qu.  Median    Mean 3rd Qu.    Max.    NA's 
 0.0016  0.0292  0.0415  0.0462  0.0582  0.6055     446 
[1] "Summary of SD between fnorm values of biological replicates for odd3 library"
   Min. 1st Qu.  Median    Mean 3rd Qu.    Max.    NA's 
 0.0012  0.0167  0.0348  0.0467  0.0643  0.6146     446 
[1] "Summary of SD between fwnorm values of biological replicates for odd3 library"
   Min. 1st Qu.  Median    Mean 3rd Qu.    Max.    NA's 
 0.0004  0.0216  0.0350  0.0477  0.0598  0.6085     446 
[1] "Summary of SD between fcnorm values of biological replicates for odd3 library"
   Min. 1st Qu.  Median    Mean 3rd Qu.    Max.    NA's 
 0.0016  0.0242  0.0469  0.0704  0.0948  1.1378     446 
[1] "Summary of SD between flnorm values of biological replicates for odd3 library"
   Min. 1st Qu.  Median    Mean 3rd Qu.    Max.    NA's 
 0.0012  0.0164  0.0344  0.0468  0.0646  0.6218     446 
[1] "Summary of SD between unorm values of biological replicates for odd3 library"
   Min. 1st Qu.  Median    Mean 3rd Qu.    Max.    NA's 
 0.0004  0.0296  0.0440  0.0470  0.0612  0.4734     446 
[1] "Summary of SD between psi values of biological replicates for odd4 library"
   Min. 1st Qu.  Median    Mean 3rd Qu.    Max.    NA's 
 0.0006  0.0885  0.1216  0.1260  0.1579  0.7050     401 
[1] "Summary of SD between cnorm values of biological replicates for odd4 library"
   Min. 1st Qu.  Median    Mean 3rd Qu.    Max.    NA's 
 0.0011  0.0490  0.0644  0.0681  0.0831  0.4074     401 
[1] "Summary of SD between pnorm values of biological replicates for odd4 library"
   Min. 1st Qu.  Median    Mean 3rd Qu.    Max.    NA's 
 0.0005  0.0303  0.0424  0.0462  0.0581  0.3276     401 
[1] "Summary of SD between fnorm values of biological replicates for odd4 library"
   Min. 1st Qu.  Median    Mean 3rd Qu.    Max.    NA's 
 0.0001  0.0132  0.0275  0.0419  0.0572  0.3402     401 
[1] "Summary of SD between fwnorm values of biological replicates for odd4 library"
   Min. 1st Qu.  Median    Mean 3rd Qu.    Max.    NA's 
 0.0004  0.0195  0.0308  0.0466  0.0575  0.3627     401 
[1] "Summary of SD between fcnorm values of biological replicates for odd4 library"
   Min. 1st Qu.  Median    Mean 3rd Qu.    Max.    NA's 
 0.0003  0.0242  0.0564  0.0829  0.1167  0.7414     401 
[1] "Summary of SD between flnorm values of biological replicates for odd4 library"
   Min. 1st Qu.  Median    Mean 3rd Qu.    Max.    NA's 
 0.0001  0.0129  0.0273  0.0421  0.0577  0.3445     401 
[1] "Summary of SD between unorm values of biological replicates for odd4 library"
   Min. 1st Qu.  Median    Mean 3rd Qu.    Max.    NA's 
 0.0001  0.0267  0.0408  0.0453  0.0597  0.2570     401 
[1] "Summary of SD between psi values of biological replicates for ct1 library"
   Min. 1st Qu.  Median    Mean 3rd Qu.    Max.    NA's 
0.00852 0.04162 0.05605 0.05998 0.07393 0.27076      36 
[1] "Summary of SD between cnorm values of biological replicates for ct1 library"
   Min. 1st Qu.  Median    Mean 3rd Qu.    Max.    NA's 
0.00615 0.02793 0.03691 0.03889 0.04739 0.18591      36 
[1] "Summary of SD between pnorm values of biological replicates for ct1 library"
   Min. 1st Qu.  Median    Mean 3rd Qu.    Max.    NA's 
0.00510 0.02250 0.03016 0.03233 0.03972 0.17634      36 
[1] "Summary of SD between fnorm values of biological replicates for ct1 library"
   Min. 1st Qu.  Median    Mean 3rd Qu.    Max.    NA's 
0.00073 0.01004 0.01894 0.03098 0.03965 0.21842      36 
[1] "Summary of SD between fwnorm values of biological replicates for ct1 library"
   Min. 1st Qu.  Median    Mean 3rd Qu.    Max.    NA's 
0.00079 0.01126 0.01830 0.03181 0.03766 0.21991      36 
[1] "Summary of SD between fcnorm values of biological replicates for ct1 library"
   Min. 1st Qu.  Median    Mean 3rd Qu.    Max.    NA's 
0.00149 0.01713 0.03146 0.05589 0.06919 0.43345      36 
[1] "Summary of SD between flnorm values of biological replicates for ct1 library"
   Min. 1st Qu.  Median    Mean 3rd Qu.    Max.    NA's 
0.00066 0.00985 0.01880 0.03120 0.04003 0.22230      36 
[1] "Summary of SD between unorm values of biological replicates for ct1 library"
   Min. 1st Qu.  Median    Mean 3rd Qu.    Max.    NA's 
0.00286 0.01897 0.03107 0.03471 0.04622 0.12666      36 
[1] "Averaging psi scores over 30 replicates:  even1_bio1_facs1_psi, even1_bio1_facs2_psi, even1_bio2_facs1_psi, even1_bio2_facs2_psi, even1_bio3_facs1_psi, even1_bio3_facs2_psi, even2_bio1_facs1_psi, even2_bio1_facs2_psi, even2_bio2_facs1_psi, even2_bio2_facs2_psi, even2_bio3_facs1_psi, even2_bio3_facs2_psi, odd3_bio1_facs1_psi, odd3_bio1_facs2_psi, odd3_bio2_facs1_psi, odd3_bio2_facs2_psi, odd3_bio3_facs1_psi, odd3_bio3_facs2_psi, odd4_bio1_facs1_psi, odd4_bio1_facs2_psi, odd4_bio2_facs1_psi, odd4_bio2_facs2_psi, odd4_bio3_facs1_psi, odd4_bio3_facs2_psi, ct1_bio1_facs1_psi, ct1_bio1_facs2_psi, ct1_bio2_facs1_psi, ct1_bio2_facs2_psi, ct1_bio3_facs1_psi, ct1_bio3_facs2_psi"
[1] "Degron psi score std. dev. summary:"
   Min. 1st Qu.  Median    Mean 3rd Qu.    Max.    NA's 
 0.0002  0.0722  0.1026  0.1104  0.1401  0.7050    1609 
[1] "Averaging cnorm scores over 30 replicates:  even1_bio1_facs1_cnorm, even1_bio1_facs2_cnorm, even1_bio2_facs1_cnorm, even1_bio2_facs2_cnorm, even1_bio3_facs1_cnorm, even1_bio3_facs2_cnorm, even2_bio1_facs1_cnorm, even2_bio1_facs2_cnorm, even2_bio2_facs1_cnorm, even2_bio2_facs2_cnorm, even2_bio3_facs1_cnorm, even2_bio3_facs2_cnorm, odd3_bio1_facs1_cnorm, odd3_bio1_facs2_cnorm, odd3_bio2_facs1_cnorm, odd3_bio2_facs2_cnorm, odd3_bio3_facs1_cnorm, odd3_bio3_facs2_cnorm, odd4_bio1_facs1_cnorm, odd4_bio1_facs2_cnorm, odd4_bio2_facs1_cnorm, odd4_bio2_facs2_cnorm, odd4_bio3_facs1_cnorm, odd4_bio3_facs2_cnorm, ct1_bio1_facs1_cnorm, ct1_bio1_facs2_cnorm, ct1_bio2_facs1_cnorm, ct1_bio2_facs2_cnorm, ct1_bio3_facs1_cnorm, ct1_bio3_facs2_cnorm"
[1] "Degron cnorm score std. dev. summary:"
   Min. 1st Qu.  Median    Mean 3rd Qu.    Max.    NA's 
 0.0007  0.0423  0.0577  0.0617  0.0765  0.4074    1609 
[1] "Averaging pnorm scores over 30 replicates:  even1_bio1_facs1_pnorm, even1_bio1_facs2_pnorm, even1_bio2_facs1_pnorm, even1_bio2_facs2_pnorm, even1_bio3_facs1_pnorm, even1_bio3_facs2_pnorm, even2_bio1_facs1_pnorm, even2_bio1_facs2_pnorm, even2_bio2_facs1_pnorm, even2_bio2_facs2_pnorm, even2_bio3_facs1_pnorm, even2_bio3_facs2_pnorm, odd3_bio1_facs1_pnorm, odd3_bio1_facs2_pnorm, odd3_bio2_facs1_pnorm, odd3_bio2_facs2_pnorm, odd3_bio3_facs1_pnorm, odd3_bio3_facs2_pnorm, odd4_bio1_facs1_pnorm, odd4_bio1_facs2_pnorm, odd4_bio2_facs1_pnorm, odd4_bio2_facs2_pnorm, odd4_bio3_facs1_pnorm, odd4_bio3_facs2_pnorm, ct1_bio1_facs1_pnorm, ct1_bio1_facs2_pnorm, ct1_bio2_facs1_pnorm, ct1_bio2_facs2_pnorm, ct1_bio3_facs1_pnorm, ct1_bio3_facs2_pnorm"
[1] "Degron pnorm score std. dev. summary:"
   Min. 1st Qu.  Median    Mean 3rd Qu.    Max.    NA's 
 0.0001  0.0306  0.0428  0.0469  0.0586  0.3276    1609 
[1] "Averaging fnorm scores over 30 replicates:  even1_bio1_facs1_fnorm, even1_bio1_facs2_fnorm, even1_bio2_facs1_fnorm, even1_bio2_facs2_fnorm, even1_bio3_facs1_fnorm, even1_bio3_facs2_fnorm, even2_bio1_facs1_fnorm, even2_bio1_facs2_fnorm, even2_bio2_facs1_fnorm, even2_bio2_facs2_fnorm, even2_bio3_facs1_fnorm, even2_bio3_facs2_fnorm, odd3_bio1_facs1_fnorm, odd3_bio1_facs2_fnorm, odd3_bio2_facs1_fnorm, odd3_bio2_facs2_fnorm, odd3_bio3_facs1_fnorm, odd3_bio3_facs2_fnorm, odd4_bio1_facs1_fnorm, odd4_bio1_facs2_fnorm, odd4_bio2_facs1_fnorm, odd4_bio2_facs2_fnorm, odd4_bio3_facs1_fnorm, odd4_bio3_facs2_fnorm, ct1_bio1_facs1_fnorm, ct1_bio1_facs2_fnorm, ct1_bio2_facs1_fnorm, ct1_bio2_facs2_fnorm, ct1_bio3_facs1_fnorm, ct1_bio3_facs2_fnorm"
[1] "Degron fnorm score std. dev. summary:"
   Min. 1st Qu.  Median    Mean 3rd Qu.    Max.    NA's 
 0.0000  0.0137  0.0292  0.0427  0.0592  0.3634    1609 
[1] "Averaging fwnorm scores over 30 replicates:  even1_bio1_facs1_fwnorm, even1_bio1_facs2_fwnorm, even1_bio2_facs1_fwnorm, even1_bio2_facs2_fwnorm, even1_bio3_facs1_fwnorm, even1_bio3_facs2_fwnorm, even2_bio1_facs1_fwnorm, even2_bio1_facs2_fwnorm, even2_bio2_facs1_fwnorm, even2_bio2_facs2_fwnorm, even2_bio3_facs1_fwnorm, even2_bio3_facs2_fwnorm, odd3_bio1_facs1_fwnorm, odd3_bio1_facs2_fwnorm, odd3_bio2_facs1_fwnorm, odd3_bio2_facs2_fwnorm, odd3_bio3_facs1_fwnorm, odd3_bio3_facs2_fwnorm, odd4_bio1_facs1_fwnorm, odd4_bio1_facs2_fwnorm, odd4_bio2_facs1_fwnorm, odd4_bio2_facs2_fwnorm, odd4_bio3_facs1_fwnorm, odd4_bio3_facs2_fwnorm, ct1_bio1_facs1_fwnorm, ct1_bio1_facs2_fwnorm, ct1_bio2_facs1_fwnorm, ct1_bio2_facs2_fwnorm, ct1_bio3_facs1_fwnorm, ct1_bio3_facs2_fwnorm"
[1] "Degron fwnorm score std. dev. summary:"
   Min. 1st Qu.  Median    Mean 3rd Qu.    Max.    NA's 
 0.0000  0.0184  0.0309  0.0455  0.0576  0.6085    1609 
[1] "Averaging fcnorm scores over 30 replicates:  even1_bio1_facs1_fcnorm, even1_bio1_facs2_fcnorm, even1_bio2_facs1_fcnorm, even1_bio2_facs2_fcnorm, even1_bio3_facs1_fcnorm, even1_bio3_facs2_fcnorm, even2_bio1_facs1_fcnorm, even2_bio1_facs2_fcnorm, even2_bio2_facs1_fcnorm, even2_bio2_facs2_fcnorm, even2_bio3_facs1_fcnorm, even2_bio3_facs2_fcnorm, odd3_bio1_facs1_fcnorm, odd3_bio1_facs2_fcnorm, odd3_bio2_facs1_fcnorm, odd3_bio2_facs2_fcnorm, odd3_bio3_facs1_fcnorm, odd3_bio3_facs2_fcnorm, odd4_bio1_facs1_fcnorm, odd4_bio1_facs2_fcnorm, odd4_bio2_facs1_fcnorm, odd4_bio2_facs2_fcnorm, odd4_bio3_facs1_fcnorm, odd4_bio3_facs2_fcnorm, ct1_bio1_facs1_fcnorm, ct1_bio1_facs2_fcnorm, ct1_bio2_facs1_fcnorm, ct1_bio2_facs2_fcnorm, ct1_bio3_facs1_fcnorm, ct1_bio3_facs2_fcnorm"
[1] "Degron fcnorm score std. dev. summary:"
   Min. 1st Qu.  Median    Mean 3rd Qu.    Max.    NA's 
 0.0000  0.0232  0.0493  0.0749  0.1027  0.7414    1609 
[1] "Averaging flnorm scores over 30 replicates:  even1_bio1_facs1_flnorm, even1_bio1_facs2_flnorm, even1_bio2_facs1_flnorm, even1_bio2_facs2_flnorm, even1_bio3_facs1_flnorm, even1_bio3_facs2_flnorm, even2_bio1_facs1_flnorm, even2_bio1_facs2_flnorm, even2_bio2_facs1_flnorm, even2_bio2_facs2_flnorm, even2_bio3_facs1_flnorm, even2_bio3_facs2_flnorm, odd3_bio1_facs1_flnorm, odd3_bio1_facs2_flnorm, odd3_bio2_facs1_flnorm, odd3_bio2_facs2_flnorm, odd3_bio3_facs1_flnorm, odd3_bio3_facs2_flnorm, odd4_bio1_facs1_flnorm, odd4_bio1_facs2_flnorm, odd4_bio2_facs1_flnorm, odd4_bio2_facs2_flnorm, odd4_bio3_facs1_flnorm, odd4_bio3_facs2_flnorm, ct1_bio1_facs1_flnorm, ct1_bio1_facs2_flnorm, ct1_bio2_facs1_flnorm, ct1_bio2_facs2_flnorm, ct1_bio3_facs1_flnorm, ct1_bio3_facs2_flnorm"
[1] "Degron flnorm score std. dev. summary:"
   Min. 1st Qu.  Median    Mean 3rd Qu.    Max.    NA's 
 0.0000  0.0135  0.0289  0.0429  0.0596  0.3676    1609 
[1] "Averaging unorm scores over 30 replicates:  even1_bio1_facs1_unorm, even1_bio1_facs2_unorm, even1_bio2_facs1_unorm, even1_bio2_facs2_unorm, even1_bio3_facs1_unorm, even1_bio3_facs2_unorm, even2_bio1_facs1_unorm, even2_bio1_facs2_unorm, even2_bio2_facs1_unorm, even2_bio2_facs2_unorm, even2_bio3_facs1_unorm, even2_bio3_facs2_unorm, odd3_bio1_facs1_unorm, odd3_bio1_facs2_unorm, odd3_bio2_facs1_unorm, odd3_bio2_facs2_unorm, odd3_bio3_facs1_unorm, odd3_bio3_facs2_unorm, odd4_bio1_facs1_unorm, odd4_bio1_facs2_unorm, odd4_bio2_facs1_unorm, odd4_bio2_facs2_unorm, odd4_bio3_facs1_unorm, odd4_bio3_facs2_unorm, ct1_bio1_facs1_unorm, ct1_bio1_facs2_unorm, ct1_bio2_facs1_unorm, ct1_bio2_facs2_unorm, ct1_bio3_facs1_unorm, ct1_bio3_facs2_unorm"
[1] "Degron unorm score std. dev. summary:"
   Min. 1st Qu.  Median    Mean 3rd Qu.    Max.    NA's 
 0.0001  0.0279  0.0423  0.0460  0.0603  0.2938    1609 
[1] "Discarding 1609 tiles with fewer than 2 measurements"
[1] "Final coverages is 212658 degron scores out of 214267 (99.25%)"
quartz 
     2 
